{"/Users/adamjonas/Projects/makers/week-12/h-appy-client-clone/App.js": {"path":"/Users/adamjonas/Projects/makers/week-12/h-appy-client-clone/App.js","statementMap":{"0":{"start":{"line":10,"column":2},"end":{"line":18,"column":4}},"1":{"start":{"line":21,"column":15},"end":{"line":31,"column":2}}},"fnMap":{"0":{"name":"App","decl":{"start":{"line":9,"column":24},"end":{"line":9,"column":27}},"loc":{"start":{"line":9,"column":44},"end":{"line":19,"column":1}},"line":9}},"branchMap":{"0":{"loc":{"start":{"line":25,"column":16},"end":{"line":25,"column":50}},"type":"cond-expr","locations":[{"start":{"line":25,"column":44},"end":{"line":25,"column":46}},{"start":{"line":25,"column":49},"end":{"line":25,"column":50}}],"line":25}},"s":{"0":0,"1":0},"f":{"0":0},"b":{"0":[0,0]}}
,"/Users/adamjonas/Projects/makers/week-12/h-appy-client-clone/stockData.js": {"path":"/Users/adamjonas/Projects/makers/week-12/h-appy-client-clone/stockData.js","statementMap":{"0":{"start":{"line":1,"column":17},"end":{"line":45,"column":1}},"1":{"start":{"line":47,"column":26},"end":{"line":53,"column":1}}},"fnMap":{},"branchMap":{},"s":{"0":0,"1":0},"f":{},"b":{}}
,"/Users/adamjonas/Projects/makers/week-12/h-appy-client-clone/components/AboutButton.js": {"path":"/Users/adamjonas/Projects/makers/week-12/h-appy-client-clone/components/AboutButton.js","statementMap":{"0":{"start":{"line":8,"column":21},"end":{"line":8,"column":36}},"1":{"start":{"line":10,"column":2},"end":{"line":18,"column":4}},"2":{"start":{"line":12,"column":39},"end":{"line":12,"column":67}},"3":{"start":{"line":21,"column":15},"end":{"line":36,"column":2}}},"fnMap":{"0":{"name":"AboutButton","decl":{"start":{"line":7,"column":24},"end":{"line":7,"column":35}},"loc":{"start":{"line":7,"column":38},"end":{"line":19,"column":1}},"line":7},"1":{"name":"(anonymous_1)","decl":{"start":{"line":12,"column":33},"end":{"line":12,"column":34}},"loc":{"start":{"line":12,"column":39},"end":{"line":12,"column":67}},"line":12}},"branchMap":{"0":{"loc":{"start":{"line":33,"column":16},"end":{"line":33,"column":64}},"type":"cond-expr","locations":[{"start":{"line":33,"column":44},"end":{"line":33,"column":52}},{"start":{"line":33,"column":55},"end":{"line":33,"column":64}}],"line":33}},"s":{"0":0,"1":0,"2":0,"3":0},"f":{"0":0,"1":0},"b":{"0":[0,0]}}
,"/Users/adamjonas/Projects/makers/week-12/h-appy-client-clone/components/AccessibilityHelpButton.js": {"path":"/Users/adamjonas/Projects/makers/week-12/h-appy-client-clone/components/AccessibilityHelpButton.js","statementMap":{"0":{"start":{"line":7,"column":32},"end":{"line":17,"column":1}},"1":{"start":{"line":8,"column":2},"end":{"line":16,"column":21}},"2":{"start":{"line":10,"column":19},"end":{"line":13,"column":5}}},"fnMap":{"0":{"name":"(anonymous_0)","decl":{"start":{"line":7,"column":32},"end":{"line":7,"column":33}},"loc":{"start":{"line":8,"column":2},"end":{"line":16,"column":21}},"line":8},"1":{"name":"(anonymous_1)","decl":{"start":{"line":10,"column":13},"end":{"line":10,"column":14}},"loc":{"start":{"line":10,"column":19},"end":{"line":13,"column":5}},"line":10}},"branchMap":{},"s":{"0":0,"1":0,"2":0},"f":{"0":0,"1":0},"b":{}}
,"/Users/adamjonas/Projects/makers/week-12/h-appy-client-clone/components/Anchor.js": {"path":"/Users/adamjonas/Projects/makers/week-12/h-appy-client-clone/components/Anchor.js","statementMap":{"0":{"start":{"line":5,"column":20},"end":{"line":8,"column":1}},"1":{"start":{"line":6,"column":2},"end":{"line":6,"column":30}},"2":{"start":{"line":7,"column":2},"end":{"line":7,"column":35}},"3":{"start":{"line":11,"column":2},"end":{"line":15,"column":4}},"4":{"start":{"line":12,"column":81},"end":{"line":12,"column":99}}},"fnMap":{"0":{"name":"(anonymous_0)","decl":{"start":{"line":5,"column":20},"end":{"line":5,"column":21}},"loc":{"start":{"line":5,"column":31},"end":{"line":8,"column":1}},"line":5},"1":{"name":"Anchor","decl":{"start":{"line":10,"column":24},"end":{"line":10,"column":30}},"loc":{"start":{"line":10,"column":38},"end":{"line":16,"column":1}},"line":10},"2":{"name":"(anonymous_2)","decl":{"start":{"line":12,"column":75},"end":{"line":12,"column":76}},"loc":{"start":{"line":12,"column":81},"end":{"line":12,"column":99}},"line":12}},"branchMap":{"0":{"loc":{"start":{"line":7,"column":2},"end":{"line":7,"column":34}},"type":"binary-expr","locations":[{"start":{"line":7,"column":2},"end":{"line":7,"column":15}},{"start":{"line":7,"column":19},"end":{"line":7,"column":34}}],"line":7}},"s":{"0":0,"1":0,"2":0,"3":0,"4":0},"f":{"0":0,"1":0,"2":0},"b":{"0":[0,0]}}
,"/Users/adamjonas/Projects/makers/week-12/h-appy-client-clone/components/CostHelpButton.js": {"path":"/Users/adamjonas/Projects/makers/week-12/h-appy-client-clone/components/CostHelpButton.js","statementMap":{"0":{"start":{"line":7,"column":23},"end":{"line":19,"column":1}},"1":{"start":{"line":8,"column":2},"end":{"line":18,"column":21}},"2":{"start":{"line":10,"column":19},"end":{"line":13,"column":5}}},"fnMap":{"0":{"name":"(anonymous_0)","decl":{"start":{"line":7,"column":23},"end":{"line":7,"column":24}},"loc":{"start":{"line":8,"column":2},"end":{"line":18,"column":21}},"line":8},"1":{"name":"(anonymous_1)","decl":{"start":{"line":10,"column":13},"end":{"line":10,"column":14}},"loc":{"start":{"line":10,"column":19},"end":{"line":13,"column":5}},"line":10}},"branchMap":{},"s":{"0":0,"1":0,"2":0},"f":{"0":0,"1":0},"b":{}}
,"/Users/adamjonas/Projects/makers/week-12/h-appy-client-clone/components/CourseHeader.js": {"path":"/Users/adamjonas/Projects/makers/week-12/h-appy-client-clone/components/CourseHeader.js","statementMap":{"0":{"start":{"line":7,"column":21},"end":{"line":7,"column":26}},"1":{"start":{"line":8,"column":2},"end":{"line":12,"column":4}},"2":{"start":{"line":15,"column":15},"end":{"line":28,"column":2}}},"fnMap":{"0":{"name":"CourseHeader","decl":{"start":{"line":6,"column":24},"end":{"line":6,"column":36}},"loc":{"start":{"line":6,"column":44},"end":{"line":13,"column":1}},"line":6}},"branchMap":{"0":{"loc":{"start":{"line":18,"column":16},"end":{"line":18,"column":62}},"type":"cond-expr","locations":[{"start":{"line":18,"column":44},"end":{"line":18,"column":52}},{"start":{"line":18,"column":55},"end":{"line":18,"column":62}}],"line":18}},"s":{"0":0,"1":0,"2":0},"f":{"0":0},"b":{"0":[0,0]}}
,"/Users/adamjonas/Projects/makers/week-12/h-appy-client-clone/components/Grid.js": {"path":"/Users/adamjonas/Projects/makers/week-12/h-appy-client-clone/components/Grid.js","statementMap":{"0":{"start":{"line":6,"column":20},"end":{"line":6,"column":50}},"1":{"start":{"line":7,"column":19},"end":{"line":7,"column":20}},"2":{"start":{"line":8,"column":18},"end":{"line":8,"column":47}},"3":{"start":{"line":9,"column":19},"end":{"line":9,"column":32}},"4":{"start":{"line":12,"column":23},"end":{"line":12,"column":28}},"5":{"start":{"line":14,"column":2},"end":{"line":14,"column":57}},"6":{"start":{"line":14,"column":30},"end":{"line":14,"column":55}},"7":{"start":{"line":15,"column":21},"end":{"line":15,"column":51}},"8":{"start":{"line":16,"column":15},"end":{"line":25,"column":3}},"9":{"start":{"line":27,"column":2},"end":{"line":38,"column":4}},"10":{"start":{"line":31,"column":8},"end":{"line":33,"column":15}},"11":{"start":{"line":35,"column":30},"end":{"line":35,"column":37}},"12":{"start":{"line":42,"column":24},"end":{"line":45,"column":3}},"13":{"start":{"line":47,"column":2},"end":{"line":52,"column":3}},"14":{"start":{"line":48,"column":4},"end":{"line":51,"column":6}},"15":{"start":{"line":53,"column":2},"end":{"line":53,"column":23}},"16":{"start":{"line":57,"column":2},"end":{"line":66,"column":3}},"17":{"start":{"line":58,"column":4},"end":{"line":65,"column":6}},"18":{"start":{"line":67,"column":2},"end":{"line":69,"column":4}},"19":{"start":{"line":72,"column":15},"end":{"line":93,"column":2}}},"fnMap":{"0":{"name":"Grid","decl":{"start":{"line":11,"column":24},"end":{"line":11,"column":28}},"loc":{"start":{"line":11,"column":36},"end":{"line":39,"column":1}},"line":11},"1":{"name":"(anonymous_1)","decl":{"start":{"line":30,"column":18},"end":{"line":30,"column":19}},"loc":{"start":{"line":31,"column":8},"end":{"line":33,"column":15}},"line":31},"2":{"name":"(anonymous_2)","decl":{"start":{"line":35,"column":20},"end":{"line":35,"column":21}},"loc":{"start":{"line":35,"column":30},"end":{"line":35,"column":37}},"line":35},"3":{"name":"containerStyle","decl":{"start":{"line":41,"column":9},"end":{"line":41,"column":23}},"loc":{"start":{"line":41,"column":30},"end":{"line":54,"column":1}},"line":41},"4":{"name":"itemStyle","decl":{"start":{"line":56,"column":9},"end":{"line":56,"column":18}},"loc":{"start":{"line":56,"column":25},"end":{"line":70,"column":1}},"line":56}},"branchMap":{"0":{"loc":{"start":{"line":14,"column":2},"end":{"line":14,"column":57}},"type":"if","locations":[{"start":{"line":14,"column":2},"end":{"line":14,"column":57}},{"start":{"line":14,"column":2},"end":{"line":14,"column":57}}],"line":14},"1":{"loc":{"start":{"line":23,"column":25},"end":{"line":23,"column":64}},"type":"binary-expr","locations":[{"start":{"line":23,"column":25},"end":{"line":23,"column":51}},{"start":{"line":23,"column":55},"end":{"line":23,"column":64}}],"line":23},"2":{"loc":{"start":{"line":47,"column":2},"end":{"line":52,"column":3}},"type":"if","locations":[{"start":{"line":47,"column":2},"end":{"line":52,"column":3}},{"start":{"line":47,"column":2},"end":{"line":52,"column":3}}],"line":47},"3":{"loc":{"start":{"line":57,"column":2},"end":{"line":66,"column":3}},"type":"if","locations":[{"start":{"line":57,"column":2},"end":{"line":66,"column":3}},{"start":{"line":57,"column":2},"end":{"line":66,"column":3}}],"line":57},"4":{"loc":{"start":{"line":91,"column":16},"end":{"line":91,"column":68}},"type":"cond-expr","locations":[{"start":{"line":91,"column":44},"end":{"line":91,"column":52}},{"start":{"line":91,"column":55},"end":{"line":91,"column":68}}],"line":91}},"s":{"0":0,"1":0,"2":0,"3":0,"4":0,"5":0,"6":0,"7":0,"8":0,"9":0,"10":0,"11":0,"12":0,"13":0,"14":0,"15":0,"16":0,"17":0,"18":0,"19":0},"f":{"0":0,"1":0,"2":0,"3":0,"4":0},"b":{"0":[0,0],"1":[0,0],"2":[0,0],"3":[0,0],"4":[0,0]}}
,"/Users/adamjonas/Projects/makers/week-12/h-appy-client-clone/components/Header.js": {"path":"/Users/adamjonas/Projects/makers/week-12/h-appy-client-clone/components/Header.js","statementMap":{"0":{"start":{"line":7,"column":2},"end":{"line":11,"column":4}},"1":{"start":{"line":14,"column":15},"end":{"line":37,"column":2}}},"fnMap":{"0":{"name":"Header","decl":{"start":{"line":6,"column":24},"end":{"line":6,"column":30}},"loc":{"start":{"line":6,"column":33},"end":{"line":12,"column":1}},"line":6}},"branchMap":{"0":{"loc":{"start":{"line":34,"column":16},"end":{"line":34,"column":62}},"type":"cond-expr","locations":[{"start":{"line":34,"column":44},"end":{"line":34,"column":52}},{"start":{"line":34,"column":55},"end":{"line":34,"column":62}}],"line":34}},"s":{"0":0,"1":0},"f":{"0":0},"b":{"0":[0,0]}}
,"/Users/adamjonas/Projects/makers/week-12/h-appy-client-clone/components/IndividualActivityButton.js": {"path":"/Users/adamjonas/Projects/makers/week-12/h-appy-client-clone/components/IndividualActivityButton.js","statementMap":{"0":{"start":{"line":8,"column":33},"end":{"line":20,"column":1}},"1":{"start":{"line":9,"column":21},"end":{"line":9,"column":36}},"2":{"start":{"line":10,"column":2},"end":{"line":19,"column":4}},"3":{"start":{"line":13,"column":21},"end":{"line":13,"column":72}}},"fnMap":{"0":{"name":"(anonymous_0)","decl":{"start":{"line":8,"column":33},"end":{"line":8,"column":34}},"loc":{"start":{"line":8,"column":47},"end":{"line":20,"column":1}},"line":8},"1":{"name":"(anonymous_1)","decl":{"start":{"line":13,"column":15},"end":{"line":13,"column":16}},"loc":{"start":{"line":13,"column":21},"end":{"line":13,"column":72}},"line":13}},"branchMap":{},"s":{"0":0,"1":0,"2":0,"3":0},"f":{"0":0,"1":0},"b":{}}
,"/Users/adamjonas/Projects/makers/week-12/h-appy-client-clone/components/MenuButton.js": {"path":"/Users/adamjonas/Projects/makers/week-12/h-appy-client-clone/components/MenuButton.js","statementMap":{"0":{"start":{"line":8,"column":21},"end":{"line":8,"column":36}},"1":{"start":{"line":10,"column":2},"end":{"line":21,"column":4}},"2":{"start":{"line":15,"column":25},"end":{"line":15,"column":52}},"3":{"start":{"line":24,"column":15},"end":{"line":39,"column":2}}},"fnMap":{"0":{"name":"MenuButton","decl":{"start":{"line":7,"column":24},"end":{"line":7,"column":34}},"loc":{"start":{"line":7,"column":37},"end":{"line":22,"column":1}},"line":7},"1":{"name":"(anonymous_1)","decl":{"start":{"line":15,"column":19},"end":{"line":15,"column":20}},"loc":{"start":{"line":15,"column":25},"end":{"line":15,"column":52}},"line":15}},"branchMap":{"0":{"loc":{"start":{"line":36,"column":16},"end":{"line":36,"column":64}},"type":"cond-expr","locations":[{"start":{"line":36,"column":44},"end":{"line":36,"column":52}},{"start":{"line":36,"column":55},"end":{"line":36,"column":64}}],"line":36}},"s":{"0":0,"1":0,"2":0,"3":0},"f":{"0":0,"1":0},"b":{"0":[0,0]}}
,"/Users/adamjonas/Projects/makers/week-12/h-appy-client-clone/components/MenuTitle.js": {"path":"/Users/adamjonas/Projects/makers/week-12/h-appy-client-clone/components/MenuTitle.js","statementMap":{"0":{"start":{"line":6,"column":20},"end":{"line":6,"column":50}},"1":{"start":{"line":9,"column":2},"end":{"line":21,"column":3}},"2":{"start":{"line":10,"column":21},"end":{"line":10,"column":47}},"3":{"start":{"line":11,"column":4},"end":{"line":20,"column":6}},"4":{"start":{"line":22,"column":2},"end":{"line":30,"column":4}},"5":{"start":{"line":33,"column":15},"end":{"line":58,"column":2}}},"fnMap":{"0":{"name":"MenuTitle","decl":{"start":{"line":8,"column":24},"end":{"line":8,"column":33}},"loc":{"start":{"line":8,"column":44},"end":{"line":31,"column":1}},"line":8}},"branchMap":{"0":{"loc":{"start":{"line":9,"column":2},"end":{"line":21,"column":3}},"type":"if","locations":[{"start":{"line":9,"column":2},"end":{"line":21,"column":3}},{"start":{"line":9,"column":2},"end":{"line":21,"column":3}}],"line":9},"1":{"loc":{"start":{"line":53,"column":16},"end":{"line":53,"column":68}},"type":"cond-expr","locations":[{"start":{"line":53,"column":44},"end":{"line":53,"column":52}},{"start":{"line":53,"column":55},"end":{"line":53,"column":68}}],"line":53}},"s":{"0":0,"1":0,"2":0,"3":0,"4":0,"5":0},"f":{"0":0},"b":{"0":[0,0],"1":[0,0]}}
,"/Users/adamjonas/Projects/makers/week-12/h-appy-client-clone/routes/AppNavigator.js": {"path":"/Users/adamjonas/Projects/makers/week-12/h-appy-client-clone/routes/AppNavigator.js","statementMap":{"0":{"start":{"line":13,"column":30},"end":{"line":13,"column":52}},"1":{"start":{"line":15,"column":22},"end":{"line":22,"column":1}},"2":{"start":{"line":16,"column":2},"end":{"line":21,"column":14}},"3":{"start":{"line":17,"column":42},"end":{"line":17,"column":75}},"4":{"start":{"line":24,"column":21},"end":{"line":28,"column":1}},"5":{"start":{"line":25,"column":2},"end":{"line":27,"column":24}}},"fnMap":{"0":{"name":"(anonymous_0)","decl":{"start":{"line":15,"column":22},"end":{"line":15,"column":23}},"loc":{"start":{"line":16,"column":2},"end":{"line":21,"column":14}},"line":16},"1":{"name":"(anonymous_1)","decl":{"start":{"line":17,"column":36},"end":{"line":17,"column":37}},"loc":{"start":{"line":17,"column":42},"end":{"line":17,"column":75}},"line":17},"2":{"name":"(anonymous_2)","decl":{"start":{"line":24,"column":21},"end":{"line":24,"column":22}},"loc":{"start":{"line":25,"column":2},"end":{"line":27,"column":24}},"line":25}},"branchMap":{},"s":{"0":0,"1":0,"2":0,"3":0,"4":0,"5":0},"f":{"0":0,"1":0,"2":0},"b":{}}
,"/Users/adamjonas/Projects/makers/week-12/h-appy-client-clone/routes/DrawerNavigator.js": {"path":"/Users/adamjonas/Projects/makers/week-12/h-appy-client-clone/routes/DrawerNavigator.js","statementMap":{"0":{"start":{"line":17,"column":15},"end":{"line":17,"column":38}},"1":{"start":{"line":20,"column":2},"end":{"line":26,"column":4}},"2":{"start":{"line":30,"column":2},"end":{"line":36,"column":4}},"3":{"start":{"line":40,"column":2},"end":{"line":46,"column":4}},"4":{"start":{"line":50,"column":2},"end":{"line":56,"column":4}},"5":{"start":{"line":59,"column":21},"end":{"line":72,"column":1}},"6":{"start":{"line":60,"column":2},"end":{"line":71,"column":4}},"7":{"start":{"line":66,"column":23},"end":{"line":66,"column":52}},"8":{"start":{"line":69,"column":36},"end":{"line":69,"column":55}},"9":{"start":{"line":75,"column":22},"end":{"line":75,"column":51}},"10":{"start":{"line":76,"column":21},"end":{"line":76,"column":36}},"11":{"start":{"line":77,"column":2},"end":{"line":87,"column":4}},"12":{"start":{"line":83,"column":23},"end":{"line":83,"column":56}},"13":{"start":{"line":90,"column":24},"end":{"line":104,"column":1}},"14":{"start":{"line":91,"column":2},"end":{"line":103,"column":21}},"15":{"start":{"line":108,"column":15},"end":{"line":119,"column":2}},"16":{"start":{"line":121,"column":28},"end":{"line":132,"column":1}}},"fnMap":{"0":{"name":"Nibbles","decl":{"start":{"line":19,"column":9},"end":{"line":19,"column":16}},"loc":{"start":{"line":19,"column":19},"end":{"line":27,"column":1}},"line":19},"1":{"name":"Starters","decl":{"start":{"line":29,"column":9},"end":{"line":29,"column":17}},"loc":{"start":{"line":29,"column":20},"end":{"line":37,"column":1}},"line":29},"2":{"name":"Mains","decl":{"start":{"line":39,"column":9},"end":{"line":39,"column":14}},"loc":{"start":{"line":39,"column":17},"end":{"line":47,"column":1}},"line":39},"3":{"name":"Desserts","decl":{"start":{"line":49,"column":9},"end":{"line":49,"column":17}},"loc":{"start":{"line":49,"column":20},"end":{"line":57,"column":1}},"line":49},"4":{"name":"(anonymous_4)","decl":{"start":{"line":59,"column":21},"end":{"line":59,"column":22}},"loc":{"start":{"line":59,"column":46},"end":{"line":72,"column":1}},"line":59},"5":{"name":"(anonymous_5)","decl":{"start":{"line":66,"column":17},"end":{"line":66,"column":18}},"loc":{"start":{"line":66,"column":23},"end":{"line":66,"column":52}},"line":66},"6":{"name":"(anonymous_6)","decl":{"start":{"line":69,"column":30},"end":{"line":69,"column":31}},"loc":{"start":{"line":69,"column":36},"end":{"line":69,"column":55}},"line":69},"7":{"name":"SignOutButton","decl":{"start":{"line":74,"column":9},"end":{"line":74,"column":22}},"loc":{"start":{"line":74,"column":30},"end":{"line":88,"column":1}},"line":74},"8":{"name":"(anonymous_8)","decl":{"start":{"line":83,"column":17},"end":{"line":83,"column":18}},"loc":{"start":{"line":83,"column":23},"end":{"line":83,"column":56}},"line":83},"9":{"name":"(anonymous_9)","decl":{"start":{"line":90,"column":24},"end":{"line":90,"column":25}},"loc":{"start":{"line":91,"column":2},"end":{"line":103,"column":21}},"line":91}},"branchMap":{"0":{"loc":{"start":{"line":127,"column":16},"end":{"line":127,"column":62}},"type":"cond-expr","locations":[{"start":{"line":127,"column":44},"end":{"line":127,"column":52}},{"start":{"line":127,"column":55},"end":{"line":127,"column":62}}],"line":127}},"s":{"0":0,"1":0,"2":0,"3":0,"4":0,"5":0,"6":0,"7":0,"8":0,"9":0,"10":0,"11":0,"12":0,"13":0,"14":0,"15":0,"16":0},"f":{"0":0,"1":0,"2":0,"3":0,"4":0,"5":0,"6":0,"7":0,"8":0,"9":0},"b":{"0":[0,0]}}
,"/Users/adamjonas/Projects/makers/week-12/h-appy-client-clone/src/AuthContext.js": {"path":"/Users/adamjonas/Projects/makers/week-12/h-appy-client-clone/src/AuthContext.js","statementMap":{"0":{"start":{"line":3,"column":20},"end":{"line":3,"column":41}}},"fnMap":{},"branchMap":{},"s":{"0":0},"f":{},"b":{}}
,"/Users/adamjonas/Projects/makers/week-12/h-appy-client-clone/src/CourseDescriptions.js": {"path":"/Users/adamjonas/Projects/makers/week-12/h-appy-client-clone/src/CourseDescriptions.js","statementMap":{"0":{"start":{"line":3,"column":16},"end":{"line":8,"column":10}},"1":{"start":{"line":10,"column":19},"end":{"line":15,"column":10}},"2":{"start":{"line":17,"column":14},"end":{"line":22,"column":10}},"3":{"start":{"line":24,"column":17},"end":{"line":29,"column":10}}},"fnMap":{},"branchMap":{},"s":{"0":0,"1":0,"2":0,"3":0},"f":{},"b":{}}
,"/Users/adamjonas/Projects/makers/week-12/h-appy-client-clone/src/FetchActivities.js": {"path":"/Users/adamjonas/Projects/makers/week-12/h-appy-client-clone/src/FetchActivities.js","statementMap":{"0":{"start":{"line":5,"column":32},"end":{"line":5,"column":44}},"1":{"start":{"line":7,"column":2},"end":{"line":12,"column":9}},"2":{"start":{"line":8,"column":4},"end":{"line":11,"column":46}},"3":{"start":{"line":9,"column":26},"end":{"line":9,"column":41}},"4":{"start":{"line":10,"column":22},"end":{"line":10,"column":38}},"5":{"start":{"line":11,"column":24},"end":{"line":11,"column":44}},"6":{"start":{"line":14,"column":2},"end":{"line":14,"column":17}},"7":{"start":{"line":18,"column":32},"end":{"line":18,"column":44}},"8":{"start":{"line":20,"column":2},"end":{"line":25,"column":9}},"9":{"start":{"line":21,"column":4},"end":{"line":24,"column":46}},"10":{"start":{"line":22,"column":26},"end":{"line":22,"column":41}},"11":{"start":{"line":23,"column":22},"end":{"line":23,"column":38}},"12":{"start":{"line":24,"column":24},"end":{"line":24,"column":44}},"13":{"start":{"line":27,"column":2},"end":{"line":27,"column":17}}},"fnMap":{"0":{"name":"FetchActivities","decl":{"start":{"line":4,"column":24},"end":{"line":4,"column":39}},"loc":{"start":{"line":4,"column":47},"end":{"line":15,"column":1}},"line":4},"1":{"name":"(anonymous_1)","decl":{"start":{"line":7,"column":12},"end":{"line":7,"column":13}},"loc":{"start":{"line":7,"column":18},"end":{"line":12,"column":3}},"line":7},"2":{"name":"(anonymous_2)","decl":{"start":{"line":9,"column":12},"end":{"line":9,"column":13}},"loc":{"start":{"line":9,"column":26},"end":{"line":9,"column":41}},"line":9},"3":{"name":"(anonymous_3)","decl":{"start":{"line":10,"column":12},"end":{"line":10,"column":13}},"loc":{"start":{"line":10,"column":22},"end":{"line":10,"column":38}},"line":10},"4":{"name":"(anonymous_4)","decl":{"start":{"line":11,"column":13},"end":{"line":11,"column":14}},"loc":{"start":{"line":11,"column":24},"end":{"line":11,"column":44}},"line":11},"5":{"name":"FetchCategories","decl":{"start":{"line":17,"column":16},"end":{"line":17,"column":31}},"loc":{"start":{"line":17,"column":34},"end":{"line":28,"column":1}},"line":17},"6":{"name":"(anonymous_6)","decl":{"start":{"line":20,"column":12},"end":{"line":20,"column":13}},"loc":{"start":{"line":20,"column":18},"end":{"line":25,"column":3}},"line":20},"7":{"name":"(anonymous_7)","decl":{"start":{"line":22,"column":12},"end":{"line":22,"column":13}},"loc":{"start":{"line":22,"column":26},"end":{"line":22,"column":41}},"line":22},"8":{"name":"(anonymous_8)","decl":{"start":{"line":23,"column":12},"end":{"line":23,"column":13}},"loc":{"start":{"line":23,"column":22},"end":{"line":23,"column":38}},"line":23},"9":{"name":"(anonymous_9)","decl":{"start":{"line":24,"column":13},"end":{"line":24,"column":14}},"loc":{"start":{"line":24,"column":24},"end":{"line":24,"column":44}},"line":24}},"branchMap":{},"s":{"0":0,"1":0,"2":0,"3":0,"4":0,"5":0,"6":0,"7":0,"8":0,"9":0,"10":0,"11":0,"12":0,"13":0},"f":{"0":0,"1":0,"2":0,"3":0,"4":0,"5":0,"6":0,"7":0,"8":0,"9":0},"b":{}}
,"/Users/adamjonas/Projects/makers/week-12/h-appy-client-clone/src/SilenceLog.js": {"path":"/Users/adamjonas/Projects/makers/week-12/h-appy-client-clone/src/SilenceLog.js","statementMap":{"0":{"start":{"line":6,"column":2},"end":{"line":8,"column":9}},"1":{"start":{"line":7,"column":4},"end":{"line":7,"column":67}}},"fnMap":{"0":{"name":"SilenceLog","decl":{"start":{"line":5,"column":24},"end":{"line":5,"column":34}},"loc":{"start":{"line":5,"column":37},"end":{"line":9,"column":1}},"line":5},"1":{"name":"(anonymous_1)","decl":{"start":{"line":6,"column":12},"end":{"line":6,"column":13}},"loc":{"start":{"line":6,"column":18},"end":{"line":8,"column":3}},"line":6}},"branchMap":{},"s":{"0":0,"1":0},"f":{"0":0,"1":0},"b":{}}
,"/Users/adamjonas/Projects/makers/week-12/h-appy-client-clone/src/UserData.js": {"path":"/Users/adamjonas/Projects/makers/week-12/h-appy-client-clone/src/UserData.js","statementMap":{"0":{"start":{"line":5,"column":15},"end":{"line":7,"column":1}},"1":{"start":{"line":9,"column":29},"end":{"line":9,"column":37}},"2":{"start":{"line":11,"column":20},"end":{"line":76,"column":1}},"3":{"start":{"line":78,"column":16},"end":{"line":85,"column":1}},"4":{"start":{"line":79,"column":2},"end":{"line":84,"column":3}},"5":{"start":{"line":80,"column":17},"end":{"line":80,"column":48}},"6":{"start":{"line":81,"column":4},"end":{"line":81,"column":62}},"7":{"start":{"line":83,"column":4},"end":{"line":83,"column":37}},"8":{"start":{"line":87,"column":25},"end":{"line":96,"column":1}},"9":{"start":{"line":88,"column":2},"end":{"line":95,"column":3}},"10":{"start":{"line":89,"column":4},"end":{"line":89,"column":30}},"11":{"start":{"line":90,"column":22},"end":{"line":90,"column":51}},"12":{"start":{"line":91,"column":4},"end":{"line":91,"column":47}},"13":{"start":{"line":92,"column":4},"end":{"line":92,"column":41}},"14":{"start":{"line":94,"column":4},"end":{"line":94,"column":52}},"15":{"start":{"line":98,"column":24},"end":{"line":112,"column":1}},"16":{"start":{"line":99,"column":2},"end":{"line":111,"column":3}},"17":{"start":{"line":100,"column":4},"end":{"line":100,"column":40}},"18":{"start":{"line":101,"column":4},"end":{"line":101,"column":44}},"19":{"start":{"line":102,"column":4},"end":{"line":102,"column":30}},"20":{"start":{"line":103,"column":22},"end":{"line":103,"column":51}},"21":{"start":{"line":104,"column":4},"end":{"line":104,"column":47}},"22":{"start":{"line":105,"column":4},"end":{"line":105,"column":42}},"23":{"start":{"line":106,"column":4},"end":{"line":106,"column":16}},"24":{"start":{"line":108,"column":4},"end":{"line":108,"column":19}},"25":{"start":{"line":109,"column":4},"end":{"line":109,"column":50}},"26":{"start":{"line":110,"column":4},"end":{"line":110,"column":17}},"27":{"start":{"line":114,"column":30},"end":{"line":124,"column":1}},"28":{"start":{"line":117,"column":2},"end":{"line":123,"column":3}},"29":{"start":{"line":118,"column":25},"end":{"line":118,"column":79}},"30":{"start":{"line":118,"column":56},"end":{"line":118,"column":71}},"31":{"start":{"line":119,"column":4},"end":{"line":122,"column":5}},"32":{"start":{"line":120,"column":6},"end":{"line":120,"column":26}},"33":{"start":{"line":121,"column":6},"end":{"line":121,"column":12}},"34":{"start":{"line":126,"column":26},"end":{"line":137,"column":1}},"35":{"start":{"line":127,"column":2},"end":{"line":136,"column":3}},"36":{"start":{"line":128,"column":4},"end":{"line":128,"column":68}},"37":{"start":{"line":128,"column":51},"end":{"line":128,"column":66}},"38":{"start":{"line":129,"column":22},"end":{"line":129,"column":51}},"39":{"start":{"line":130,"column":4},"end":{"line":130,"column":47}},"40":{"start":{"line":131,"column":4},"end":{"line":133,"column":5}},"41":{"start":{"line":132,"column":6},"end":{"line":132,"column":45}},"42":{"start":{"line":135,"column":4},"end":{"line":135,"column":56}},"43":{"start":{"line":139,"column":23},"end":{"line":151,"column":1}},"44":{"start":{"line":140,"column":18},"end":{"line":140,"column":42}},"45":{"start":{"line":141,"column":21},"end":{"line":141,"column":48}},"46":{"start":{"line":142,"column":16},"end":{"line":142,"column":38}},"47":{"start":{"line":143,"column":19},"end":{"line":143,"column":44}},"48":{"start":{"line":144,"column":2},"end":{"line":149,"column":4}},"49":{"start":{"line":150,"column":2},"end":{"line":150,"column":18}},"50":{"start":{"line":154,"column":23},"end":{"line":154,"column":73}},"51":{"start":{"line":154,"column":54},"end":{"line":154,"column":72}},"52":{"start":{"line":155,"column":2},"end":{"line":155,"column":35}}},"fnMap":{"0":{"name":"(anonymous_0)","decl":{"start":{"line":78,"column":16},"end":{"line":78,"column":17}},"loc":{"start":{"line":78,"column":31},"end":{"line":85,"column":1}},"line":78},"1":{"name":"(anonymous_1)","decl":{"start":{"line":87,"column":25},"end":{"line":87,"column":26}},"loc":{"start":{"line":87,"column":47},"end":{"line":96,"column":1}},"line":87},"2":{"name":"(anonymous_2)","decl":{"start":{"line":98,"column":24},"end":{"line":98,"column":25}},"loc":{"start":{"line":98,"column":53},"end":{"line":112,"column":1}},"line":98},"3":{"name":"(anonymous_3)","decl":{"start":{"line":114,"column":30},"end":{"line":114,"column":31}},"loc":{"start":{"line":114,"column":44},"end":{"line":124,"column":1}},"line":114},"4":{"name":"(anonymous_4)","decl":{"start":{"line":118,"column":46},"end":{"line":118,"column":47}},"loc":{"start":{"line":118,"column":56},"end":{"line":118,"column":71}},"line":118},"5":{"name":"(anonymous_5)","decl":{"start":{"line":126,"column":26},"end":{"line":126,"column":27}},"loc":{"start":{"line":126,"column":65},"end":{"line":137,"column":1}},"line":126},"6":{"name":"(anonymous_6)","decl":{"start":{"line":128,"column":41},"end":{"line":128,"column":42}},"loc":{"start":{"line":128,"column":51},"end":{"line":128,"column":66}},"line":128},"7":{"name":"(anonymous_7)","decl":{"start":{"line":139,"column":23},"end":{"line":139,"column":24}},"loc":{"start":{"line":139,"column":35},"end":{"line":151,"column":1}},"line":139},"8":{"name":"doesActivityNameExist","decl":{"start":{"line":153,"column":16},"end":{"line":153,"column":37}},"loc":{"start":{"line":153,"column":49},"end":{"line":156,"column":1}},"line":153},"9":{"name":"(anonymous_9)","decl":{"start":{"line":154,"column":44},"end":{"line":154,"column":45}},"loc":{"start":{"line":154,"column":54},"end":{"line":154,"column":72}},"line":154}},"branchMap":{"0":{"loc":{"start":{"line":81,"column":11},"end":{"line":81,"column":61}},"type":"cond-expr","locations":[{"start":{"line":81,"column":26},"end":{"line":81,"column":42}},{"start":{"line":81,"column":45},"end":{"line":81,"column":61}}],"line":81},"1":{"loc":{"start":{"line":119,"column":4},"end":{"line":122,"column":5}},"type":"if","locations":[{"start":{"line":119,"column":4},"end":{"line":122,"column":5}},{"start":{"line":119,"column":4},"end":{"line":122,"column":5}}],"line":119},"2":{"loc":{"start":{"line":126,"column":42},"end":{"line":126,"column":60}},"type":"default-arg","locations":[{"start":{"line":126,"column":56},"end":{"line":126,"column":60}}],"line":126},"3":{"loc":{"start":{"line":131,"column":4},"end":{"line":133,"column":5}},"type":"if","locations":[{"start":{"line":131,"column":4},"end":{"line":133,"column":5}},{"start":{"line":131,"column":4},"end":{"line":133,"column":5}}],"line":131}},"s":{"0":0,"1":0,"2":0,"3":0,"4":0,"5":0,"6":0,"7":0,"8":0,"9":0,"10":0,"11":0,"12":0,"13":0,"14":0,"15":0,"16":0,"17":0,"18":0,"19":0,"20":0,"21":0,"22":0,"23":0,"24":0,"25":0,"26":0,"27":0,"28":0,"29":0,"30":0,"31":0,"32":0,"33":0,"34":0,"35":0,"36":0,"37":0,"38":0,"39":0,"40":0,"41":0,"42":0,"43":0,"44":0,"45":0,"46":0,"47":0,"48":0,"49":0,"50":0,"51":0,"52":0},"f":{"0":0,"1":0,"2":0,"3":0,"4":0,"5":0,"6":0,"7":0,"8":0,"9":0},"b":{"0":[0,0],"1":[0,0],"2":[0],"3":[0,0]}}
,"/Users/adamjonas/Projects/makers/week-12/h-appy-client-clone/views/About.js": {"path":"/Users/adamjonas/Projects/makers/week-12/h-appy-client-clone/views/About.js","statementMap":{"0":{"start":{"line":16,"column":20},"end":{"line":16,"column":50}},"1":{"start":{"line":19,"column":21},"end":{"line":19,"column":36}},"2":{"start":{"line":20,"column":2},"end":{"line":62,"column":4}},"3":{"start":{"line":65,"column":15},"end":{"line":128,"column":2}}},"fnMap":{"0":{"name":"About","decl":{"start":{"line":18,"column":24},"end":{"line":18,"column":29}},"loc":{"start":{"line":18,"column":32},"end":{"line":63,"column":1}},"line":18}},"branchMap":{},"s":{"0":0,"1":0,"2":0,"3":0},"f":{"0":0},"b":{}}
,"/Users/adamjonas/Projects/makers/week-12/h-appy-client-clone/views/AddActivity.js": {"path":"/Users/adamjonas/Projects/makers/week-12/h-appy-client-clone/views/AddActivity.js","statementMap":{"0":{"start":{"line":15,"column":20},"end":{"line":15,"column":50}},"1":{"start":{"line":18,"column":42},"end":{"line":18,"column":61}},"2":{"start":{"line":19,"column":42},"end":{"line":19,"column":54}},"3":{"start":{"line":20,"column":56},"end":{"line":20,"column":68}},"4":{"start":{"line":21,"column":44},"end":{"line":21,"column":56}},"5":{"start":{"line":22,"column":28},"end":{"line":22,"column":39}},"6":{"start":{"line":23,"column":34},"end":{"line":23,"column":46}},"7":{"start":{"line":24,"column":21},"end":{"line":24,"column":38}},"8":{"start":{"line":26,"column":2},"end":{"line":105,"column":4}},"9":{"start":{"line":39,"column":47},"end":{"line":39,"column":79}},"10":{"start":{"line":48,"column":53},"end":{"line":48,"column":79}},"11":{"start":{"line":73,"column":53},"end":{"line":73,"column":75}},"12":{"start":{"line":80,"column":45},"end":{"line":80,"column":98}},"13":{"start":{"line":91,"column":54},"end":{"line":91,"column":100}},"14":{"start":{"line":109,"column":46},"end":{"line":109,"column":51}},"15":{"start":{"line":110,"column":2},"end":{"line":140,"column":4}},"16":{"start":{"line":119,"column":34},"end":{"line":119,"column":68}},"17":{"start":{"line":144,"column":30},"end":{"line":144,"column":35}},"18":{"start":{"line":145,"column":2},"end":{"line":173,"column":4}},"19":{"start":{"line":153,"column":34},"end":{"line":153,"column":60}},"20":{"start":{"line":177,"column":21},"end":{"line":177,"column":36}},"21":{"start":{"line":185,"column":6},"end":{"line":185,"column":11}},"22":{"start":{"line":186,"column":2},"end":{"line":213,"column":4}},"23":{"start":{"line":190,"column":10},"end":{"line":207,"column":11}},"24":{"start":{"line":191,"column":12},"end":{"line":191,"column":52}},"25":{"start":{"line":192,"column":17},"end":{"line":207,"column":11}},"26":{"start":{"line":193,"column":12},"end":{"line":193,"column":52}},"27":{"start":{"line":194,"column":17},"end":{"line":207,"column":11}},"28":{"start":{"line":195,"column":12},"end":{"line":195,"column":51}},"29":{"start":{"line":197,"column":12},"end":{"line":205,"column":15}},"30":{"start":{"line":206,"column":12},"end":{"line":206,"column":40}},"31":{"start":{"line":216,"column":15},"end":{"line":334,"column":2}}},"fnMap":{"0":{"name":"AddActivity","decl":{"start":{"line":17,"column":24},"end":{"line":17,"column":35}},"loc":{"start":{"line":17,"column":38},"end":{"line":106,"column":1}},"line":17},"1":{"name":"(anonymous_1)","decl":{"start":{"line":39,"column":26},"end":{"line":39,"column":27}},"loc":{"start":{"line":39,"column":47},"end":{"line":39,"column":79}},"line":39},"2":{"name":"(anonymous_2)","decl":{"start":{"line":48,"column":27},"end":{"line":48,"column":28}},"loc":{"start":{"line":48,"column":53},"end":{"line":48,"column":79}},"line":48},"3":{"name":"(anonymous_3)","decl":{"start":{"line":73,"column":27},"end":{"line":73,"column":28}},"loc":{"start":{"line":73,"column":53},"end":{"line":73,"column":75}},"line":73},"4":{"name":"(anonymous_4)","decl":{"start":{"line":80,"column":28},"end":{"line":80,"column":29}},"loc":{"start":{"line":80,"column":45},"end":{"line":80,"column":98}},"line":80},"5":{"name":"(anonymous_5)","decl":{"start":{"line":91,"column":26},"end":{"line":91,"column":27}},"loc":{"start":{"line":91,"column":54},"end":{"line":91,"column":100}},"line":91},"6":{"name":"AccessibilitySlider","decl":{"start":{"line":108,"column":9},"end":{"line":108,"column":28}},"loc":{"start":{"line":108,"column":36},"end":{"line":141,"column":1}},"line":108},"7":{"name":"(anonymous_7)","decl":{"start":{"line":119,"column":23},"end":{"line":119,"column":24}},"loc":{"start":{"line":119,"column":34},"end":{"line":119,"column":68}},"line":119},"8":{"name":"PriceSlider","decl":{"start":{"line":143,"column":9},"end":{"line":143,"column":20}},"loc":{"start":{"line":143,"column":28},"end":{"line":174,"column":1}},"line":143},"9":{"name":"(anonymous_9)","decl":{"start":{"line":153,"column":23},"end":{"line":153,"column":24}},"loc":{"start":{"line":153,"column":34},"end":{"line":153,"column":60}},"line":153},"10":{"name":"SubmitButton","decl":{"start":{"line":176,"column":9},"end":{"line":176,"column":21}},"loc":{"start":{"line":176,"column":29},"end":{"line":214,"column":1}},"line":176},"11":{"name":"(anonymous_11)","decl":{"start":{"line":189,"column":17},"end":{"line":189,"column":18}},"loc":{"start":{"line":189,"column":23},"end":{"line":208,"column":9}},"line":189}},"branchMap":{"0":{"loc":{"start":{"line":160,"column":9},"end":{"line":160,"column":40}},"type":"binary-expr","locations":[{"start":{"line":160,"column":9},"end":{"line":160,"column":27}},{"start":{"line":160,"column":31},"end":{"line":160,"column":40}}],"line":160},"1":{"loc":{"start":{"line":190,"column":10},"end":{"line":207,"column":11}},"type":"if","locations":[{"start":{"line":190,"column":10},"end":{"line":207,"column":11}},{"start":{"line":190,"column":10},"end":{"line":207,"column":11}}],"line":190},"2":{"loc":{"start":{"line":192,"column":17},"end":{"line":207,"column":11}},"type":"if","locations":[{"start":{"line":192,"column":17},"end":{"line":207,"column":11}},{"start":{"line":192,"column":17},"end":{"line":207,"column":11}}],"line":192},"3":{"loc":{"start":{"line":194,"column":17},"end":{"line":207,"column":11}},"type":"if","locations":[{"start":{"line":194,"column":17},"end":{"line":207,"column":11}},{"start":{"line":194,"column":17},"end":{"line":207,"column":11}}],"line":194},"4":{"loc":{"start":{"line":246,"column":16},"end":{"line":246,"column":68}},"type":"cond-expr","locations":[{"start":{"line":246,"column":44},"end":{"line":246,"column":52}},{"start":{"line":246,"column":55},"end":{"line":246,"column":68}}],"line":246},"5":{"loc":{"start":{"line":267,"column":16},"end":{"line":267,"column":64}},"type":"cond-expr","locations":[{"start":{"line":267,"column":44},"end":{"line":267,"column":52}},{"start":{"line":267,"column":55},"end":{"line":267,"column":64}}],"line":267},"6":{"loc":{"start":{"line":291,"column":16},"end":{"line":291,"column":64}},"type":"cond-expr","locations":[{"start":{"line":291,"column":44},"end":{"line":291,"column":52}},{"start":{"line":291,"column":55},"end":{"line":291,"column":64}}],"line":291},"7":{"loc":{"start":{"line":295,"column":15},"end":{"line":295,"column":48}},"type":"cond-expr","locations":[{"start":{"line":295,"column":41},"end":{"line":295,"column":44}},{"start":{"line":295,"column":47},"end":{"line":295,"column":48}}],"line":295},"8":{"loc":{"start":{"line":302,"column":15},"end":{"line":302,"column":82}},"type":"cond-expr","locations":[{"start":{"line":302,"column":41},"end":{"line":302,"column":77}},{"start":{"line":302,"column":80},"end":{"line":302,"column":82}}],"line":302},"9":{"loc":{"start":{"line":321,"column":16},"end":{"line":321,"column":64}},"type":"cond-expr","locations":[{"start":{"line":321,"column":44},"end":{"line":321,"column":52}},{"start":{"line":321,"column":55},"end":{"line":321,"column":64}}],"line":321}},"s":{"0":0,"1":0,"2":0,"3":0,"4":0,"5":0,"6":0,"7":0,"8":0,"9":0,"10":0,"11":0,"12":0,"13":0,"14":0,"15":0,"16":0,"17":0,"18":0,"19":0,"20":0,"21":0,"22":0,"23":0,"24":0,"25":0,"26":0,"27":0,"28":0,"29":0,"30":0,"31":0},"f":{"0":0,"1":0,"2":0,"3":0,"4":0,"5":0,"6":0,"7":0,"8":0,"9":0,"10":0,"11":0},"b":{"0":[0,0],"1":[0,0],"2":[0,0],"3":[0,0],"4":[0,0],"5":[0,0],"6":[0,0],"7":[0,0],"8":[0,0],"9":[0,0]}}
,"/Users/adamjonas/Projects/makers/week-12/h-appy-client-clone/views/EditActivity.js": {"path":"/Users/adamjonas/Projects/makers/week-12/h-appy-client-clone/views/EditActivity.js","statementMap":{"0":{"start":{"line":14,"column":20},"end":{"line":14,"column":50}},"1":{"start":{"line":17,"column":18},"end":{"line":17,"column":35}},"2":{"start":{"line":18,"column":28},"end":{"line":18,"column":40}},"3":{"start":{"line":19,"column":2},"end":{"line":19,"column":30}},"4":{"start":{"line":20,"column":2},"end":{"line":20,"column":46}},"5":{"start":{"line":21,"column":26},"end":{"line":21,"column":38}},"6":{"start":{"line":22,"column":42},"end":{"line":22,"column":63}},"7":{"start":{"line":23,"column":42},"end":{"line":23,"column":64}},"8":{"start":{"line":24,"column":56},"end":{"line":24,"column":85}},"9":{"start":{"line":25,"column":44},"end":{"line":25,"column":75}},"10":{"start":{"line":26,"column":26},"end":{"line":26,"column":48}},"11":{"start":{"line":27,"column":34},"end":{"line":27,"column":71}},"12":{"start":{"line":29,"column":21},"end":{"line":29,"column":38}},"13":{"start":{"line":31,"column":2},"end":{"line":113,"column":4}},"14":{"start":{"line":43,"column":47},"end":{"line":43,"column":79}},"15":{"start":{"line":52,"column":53},"end":{"line":52,"column":79}},"16":{"start":{"line":77,"column":53},"end":{"line":77,"column":75}},"17":{"start":{"line":84,"column":45},"end":{"line":84,"column":98}},"18":{"start":{"line":96,"column":54},"end":{"line":96,"column":100}},"19":{"start":{"line":117,"column":46},"end":{"line":117,"column":51}},"20":{"start":{"line":118,"column":2},"end":{"line":137,"column":4}},"21":{"start":{"line":127,"column":34},"end":{"line":127,"column":68}},"22":{"start":{"line":141,"column":30},"end":{"line":141,"column":35}},"23":{"start":{"line":142,"column":2},"end":{"line":161,"column":4}},"24":{"start":{"line":151,"column":34},"end":{"line":151,"column":60}},"25":{"start":{"line":165,"column":21},"end":{"line":165,"column":36}},"26":{"start":{"line":175,"column":6},"end":{"line":175,"column":11}},"27":{"start":{"line":177,"column":21},"end":{"line":177,"column":72}},"28":{"start":{"line":178,"column":2},"end":{"line":202,"column":4}},"29":{"start":{"line":182,"column":10},"end":{"line":196,"column":11}},"30":{"start":{"line":183,"column":12},"end":{"line":183,"column":52}},"31":{"start":{"line":184,"column":17},"end":{"line":196,"column":11}},"32":{"start":{"line":185,"column":12},"end":{"line":185,"column":52}},"33":{"start":{"line":187,"column":12},"end":{"line":195,"column":15}},"34":{"start":{"line":205,"column":19},"end":{"line":208,"column":1}},"35":{"start":{"line":206,"column":2},"end":{"line":206,"column":37}},"36":{"start":{"line":207,"column":2},"end":{"line":207,"column":30}},"37":{"start":{"line":210,"column":15},"end":{"line":338,"column":2}}},"fnMap":{"0":{"name":"EditActivity","decl":{"start":{"line":16,"column":24},"end":{"line":16,"column":36}},"loc":{"start":{"line":16,"column":48},"end":{"line":114,"column":1}},"line":16},"1":{"name":"(anonymous_1)","decl":{"start":{"line":43,"column":26},"end":{"line":43,"column":27}},"loc":{"start":{"line":43,"column":47},"end":{"line":43,"column":79}},"line":43},"2":{"name":"(anonymous_2)","decl":{"start":{"line":52,"column":27},"end":{"line":52,"column":28}},"loc":{"start":{"line":52,"column":53},"end":{"line":52,"column":79}},"line":52},"3":{"name":"(anonymous_3)","decl":{"start":{"line":77,"column":27},"end":{"line":77,"column":28}},"loc":{"start":{"line":77,"column":53},"end":{"line":77,"column":75}},"line":77},"4":{"name":"(anonymous_4)","decl":{"start":{"line":84,"column":28},"end":{"line":84,"column":29}},"loc":{"start":{"line":84,"column":45},"end":{"line":84,"column":98}},"line":84},"5":{"name":"(anonymous_5)","decl":{"start":{"line":96,"column":26},"end":{"line":96,"column":27}},"loc":{"start":{"line":96,"column":54},"end":{"line":96,"column":100}},"line":96},"6":{"name":"AccessibilitySlider","decl":{"start":{"line":116,"column":9},"end":{"line":116,"column":28}},"loc":{"start":{"line":116,"column":36},"end":{"line":138,"column":1}},"line":116},"7":{"name":"(anonymous_7)","decl":{"start":{"line":127,"column":23},"end":{"line":127,"column":24}},"loc":{"start":{"line":127,"column":34},"end":{"line":127,"column":68}},"line":127},"8":{"name":"PriceSlider","decl":{"start":{"line":140,"column":9},"end":{"line":140,"column":20}},"loc":{"start":{"line":140,"column":28},"end":{"line":162,"column":1}},"line":140},"9":{"name":"(anonymous_9)","decl":{"start":{"line":151,"column":23},"end":{"line":151,"column":24}},"loc":{"start":{"line":151,"column":34},"end":{"line":151,"column":60}},"line":151},"10":{"name":"SubmitButton","decl":{"start":{"line":164,"column":9},"end":{"line":164,"column":21}},"loc":{"start":{"line":164,"column":29},"end":{"line":203,"column":1}},"line":164},"11":{"name":"(anonymous_11)","decl":{"start":{"line":181,"column":17},"end":{"line":181,"column":18}},"loc":{"start":{"line":181,"column":23},"end":{"line":197,"column":9}},"line":181},"12":{"name":"(anonymous_12)","decl":{"start":{"line":205,"column":19},"end":{"line":205,"column":20}},"loc":{"start":{"line":205,"column":61},"end":{"line":208,"column":1}},"line":205}},"branchMap":{"0":{"loc":{"start":{"line":27,"column":43},"end":{"line":27,"column":70}},"type":"binary-expr","locations":[{"start":{"line":27,"column":43},"end":{"line":27,"column":64}},{"start":{"line":27,"column":68},"end":{"line":27,"column":70}}],"line":27},"1":{"loc":{"start":{"line":158,"column":9},"end":{"line":158,"column":40}},"type":"binary-expr","locations":[{"start":{"line":158,"column":9},"end":{"line":158,"column":27}},{"start":{"line":158,"column":31},"end":{"line":158,"column":40}}],"line":158},"2":{"loc":{"start":{"line":177,"column":21},"end":{"line":177,"column":72}},"type":"cond-expr","locations":[{"start":{"line":177,"column":39},"end":{"line":177,"column":58}},{"start":{"line":177,"column":61},"end":{"line":177,"column":72}}],"line":177},"3":{"loc":{"start":{"line":182,"column":10},"end":{"line":196,"column":11}},"type":"if","locations":[{"start":{"line":182,"column":10},"end":{"line":196,"column":11}},{"start":{"line":182,"column":10},"end":{"line":196,"column":11}}],"line":182},"4":{"loc":{"start":{"line":184,"column":17},"end":{"line":196,"column":11}},"type":"if","locations":[{"start":{"line":184,"column":17},"end":{"line":196,"column":11}},{"start":{"line":184,"column":17},"end":{"line":196,"column":11}}],"line":184},"5":{"loc":{"start":{"line":240,"column":16},"end":{"line":240,"column":68}},"type":"cond-expr","locations":[{"start":{"line":240,"column":44},"end":{"line":240,"column":52}},{"start":{"line":240,"column":55},"end":{"line":240,"column":68}}],"line":240},"6":{"loc":{"start":{"line":261,"column":16},"end":{"line":261,"column":64}},"type":"cond-expr","locations":[{"start":{"line":261,"column":44},"end":{"line":261,"column":52}},{"start":{"line":261,"column":55},"end":{"line":261,"column":64}}],"line":261},"7":{"loc":{"start":{"line":285,"column":16},"end":{"line":285,"column":64}},"type":"cond-expr","locations":[{"start":{"line":285,"column":44},"end":{"line":285,"column":52}},{"start":{"line":285,"column":55},"end":{"line":285,"column":64}}],"line":285},"8":{"loc":{"start":{"line":289,"column":15},"end":{"line":289,"column":48}},"type":"cond-expr","locations":[{"start":{"line":289,"column":41},"end":{"line":289,"column":44}},{"start":{"line":289,"column":47},"end":{"line":289,"column":48}}],"line":289},"9":{"loc":{"start":{"line":296,"column":15},"end":{"line":296,"column":82}},"type":"cond-expr","locations":[{"start":{"line":296,"column":41},"end":{"line":296,"column":77}},{"start":{"line":296,"column":80},"end":{"line":296,"column":82}}],"line":296},"10":{"loc":{"start":{"line":315,"column":16},"end":{"line":315,"column":64}},"type":"cond-expr","locations":[{"start":{"line":315,"column":44},"end":{"line":315,"column":52}},{"start":{"line":315,"column":55},"end":{"line":315,"column":64}}],"line":315}},"s":{"0":0,"1":0,"2":0,"3":0,"4":0,"5":0,"6":0,"7":0,"8":0,"9":0,"10":0,"11":0,"12":0,"13":0,"14":0,"15":0,"16":0,"17":0,"18":0,"19":0,"20":0,"21":0,"22":0,"23":0,"24":0,"25":0,"26":0,"27":0,"28":0,"29":0,"30":0,"31":0,"32":0,"33":0,"34":0,"35":0,"36":0,"37":0},"f":{"0":0,"1":0,"2":0,"3":0,"4":0,"5":0,"6":0,"7":0,"8":0,"9":0,"10":0,"11":0,"12":0},"b":{"0":[0,0],"1":[0,0],"2":[0,0],"3":[0,0],"4":[0,0],"5":[0,0],"6":[0,0],"7":[0,0],"8":[0,0],"9":[0,0],"10":[0,0]}}
,"/Users/adamjonas/Projects/makers/week-12/h-appy-client-clone/views/IndividualActivity.js": {"path":"/Users/adamjonas/Projects/makers/week-12/h-appy-client-clone/views/IndividualActivity.js","statementMap":{"0":{"start":{"line":11,"column":20},"end":{"line":11,"column":50}},"1":{"start":{"line":14,"column":19},"end":{"line":14,"column":31}},"2":{"start":{"line":15,"column":21},"end":{"line":15,"column":36}},"3":{"start":{"line":17,"column":20},"end":{"line":17,"column":29}},"4":{"start":{"line":19,"column":2},"end":{"line":24,"column":3}},"5":{"start":{"line":20,"column":4},"end":{"line":20,"column":26}},"6":{"start":{"line":22,"column":4},"end":{"line":22,"column":72}},"7":{"start":{"line":22,"column":38},"end":{"line":22,"column":70}},"8":{"start":{"line":23,"column":4},"end":{"line":23,"column":67}},"9":{"start":{"line":26,"column":2},"end":{"line":54,"column":4}},"10":{"start":{"line":58,"column":47},"end":{"line":58,"column":52}},"11":{"start":{"line":59,"column":21},"end":{"line":59,"column":108}},"12":{"start":{"line":61,"column":21},"end":{"line":61,"column":36}},"13":{"start":{"line":62,"column":2},"end":{"line":72,"column":4}},"14":{"start":{"line":67,"column":25},"end":{"line":67,"column":99}},"15":{"start":{"line":75,"column":21},"end":{"line":75,"column":36}},"16":{"start":{"line":76,"column":2},"end":{"line":88,"column":3}},"17":{"start":{"line":77,"column":4},"end":{"line":87,"column":6}},"18":{"start":{"line":82,"column":27},"end":{"line":82,"column":68}},"19":{"start":{"line":82,"column":69},"end":{"line":82,"column":97}},"20":{"start":{"line":89,"column":2},"end":{"line":99,"column":4}},"21":{"start":{"line":94,"column":25},"end":{"line":94,"column":56}},"22":{"start":{"line":94,"column":57},"end":{"line":94,"column":85}},"23":{"start":{"line":102,"column":15},"end":{"line":210,"column":2}}},"fnMap":{"0":{"name":"IndividualActivity","decl":{"start":{"line":13,"column":24},"end":{"line":13,"column":42}},"loc":{"start":{"line":13,"column":54},"end":{"line":55,"column":1}},"line":13},"1":{"name":"EditUserActivity","decl":{"start":{"line":57,"column":9},"end":{"line":57,"column":25}},"loc":{"start":{"line":57,"column":33},"end":{"line":73,"column":1}},"line":57},"2":{"name":"(anonymous_2)","decl":{"start":{"line":67,"column":17},"end":{"line":67,"column":18}},"loc":{"start":{"line":67,"column":23},"end":{"line":67,"column":101}},"line":67},"3":{"name":"AddOrDeleteActivity","decl":{"start":{"line":74,"column":9},"end":{"line":74,"column":28}},"loc":{"start":{"line":74,"column":36},"end":{"line":100,"column":1}},"line":74},"4":{"name":"(anonymous_4)","decl":{"start":{"line":82,"column":19},"end":{"line":82,"column":20}},"loc":{"start":{"line":82,"column":25},"end":{"line":82,"column":99}},"line":82},"5":{"name":"(anonymous_5)","decl":{"start":{"line":94,"column":17},"end":{"line":94,"column":18}},"loc":{"start":{"line":94,"column":23},"end":{"line":94,"column":87}},"line":94}},"branchMap":{"0":{"loc":{"start":{"line":19,"column":2},"end":{"line":24,"column":3}},"type":"if","locations":[{"start":{"line":19,"column":2},"end":{"line":24,"column":3}},{"start":{"line":19,"column":2},"end":{"line":24,"column":3}}],"line":19},"1":{"loc":{"start":{"line":22,"column":4},"end":{"line":22,"column":72}},"type":"if","locations":[{"start":{"line":22,"column":4},"end":{"line":22,"column":72}},{"start":{"line":22,"column":4},"end":{"line":22,"column":72}}],"line":22},"2":{"loc":{"start":{"line":59,"column":21},"end":{"line":59,"column":108}},"type":"cond-expr","locations":[{"start":{"line":59,"column":48},"end":{"line":59,"column":85}},{"start":{"line":59,"column":88},"end":{"line":59,"column":108}}],"line":59},"3":{"loc":{"start":{"line":76,"column":2},"end":{"line":88,"column":3}},"type":"if","locations":[{"start":{"line":76,"column":2},"end":{"line":88,"column":3}},{"start":{"line":76,"column":2},"end":{"line":88,"column":3}}],"line":76},"4":{"loc":{"start":{"line":119,"column":16},"end":{"line":119,"column":64}},"type":"cond-expr","locations":[{"start":{"line":119,"column":44},"end":{"line":119,"column":52}},{"start":{"line":119,"column":55},"end":{"line":119,"column":64}}],"line":119},"5":{"loc":{"start":{"line":147,"column":16},"end":{"line":147,"column":68}},"type":"cond-expr","locations":[{"start":{"line":147,"column":44},"end":{"line":147,"column":52}},{"start":{"line":147,"column":55},"end":{"line":147,"column":68}}],"line":147},"6":{"loc":{"start":{"line":183,"column":16},"end":{"line":183,"column":64}},"type":"cond-expr","locations":[{"start":{"line":183,"column":44},"end":{"line":183,"column":52}},{"start":{"line":183,"column":55},"end":{"line":183,"column":64}}],"line":183}},"s":{"0":0,"1":0,"2":0,"3":0,"4":0,"5":0,"6":0,"7":0,"8":0,"9":0,"10":0,"11":0,"12":0,"13":0,"14":0,"15":0,"16":0,"17":0,"18":0,"19":0,"20":0,"21":0,"22":0,"23":0},"f":{"0":0,"1":0,"2":0,"3":0,"4":0,"5":0},"b":{"0":[0,0],"1":[0,0],"2":[0,0],"3":[0,0],"4":[0,0],"5":[0,0],"6":[0,0]}}
,"/Users/adamjonas/Projects/makers/week-12/h-appy-client-clone/views/IndividualCourse.js": {"path":"/Users/adamjonas/Projects/makers/week-12/h-appy-client-clone/views/IndividualCourse.js","statementMap":{"0":{"start":{"line":12,"column":2},"end":{"line":21,"column":4}},"1":{"start":{"line":24,"column":20},"end":{"line":24,"column":50}},"2":{"start":{"line":27,"column":43},"end":{"line":27,"column":48}},"3":{"start":{"line":28,"column":18},"end":{"line":28,"column":35}},"4":{"start":{"line":30,"column":2},"end":{"line":54,"column":4}},"5":{"start":{"line":48,"column":36},"end":{"line":48,"column":44}},"6":{"start":{"line":57,"column":15},"end":{"line":150,"column":2}}},"fnMap":{"0":{"name":"buildItem","decl":{"start":{"line":11,"column":9},"end":{"line":11,"column":18}},"loc":{"start":{"line":11,"column":25},"end":{"line":22,"column":1}},"line":11},"1":{"name":"IndividualCourse","decl":{"start":{"line":26,"column":24},"end":{"line":26,"column":40}},"loc":{"start":{"line":26,"column":48},"end":{"line":55,"column":1}},"line":26},"2":{"name":"(anonymous_2)","decl":{"start":{"line":48,"column":26},"end":{"line":48,"column":27}},"loc":{"start":{"line":48,"column":36},"end":{"line":48,"column":44}},"line":48}},"branchMap":{"0":{"loc":{"start":{"line":73,"column":16},"end":{"line":73,"column":64}},"type":"cond-expr","locations":[{"start":{"line":73,"column":44},"end":{"line":73,"column":52}},{"start":{"line":73,"column":55},"end":{"line":73,"column":64}}],"line":73},"1":{"loc":{"start":{"line":121,"column":16},"end":{"line":121,"column":68}},"type":"cond-expr","locations":[{"start":{"line":121,"column":44},"end":{"line":121,"column":52}},{"start":{"line":121,"column":55},"end":{"line":121,"column":68}}],"line":121}},"s":{"0":0,"1":0,"2":0,"3":0,"4":0,"5":0,"6":0},"f":{"0":0,"1":0,"2":0},"b":{"0":[0,0],"1":[0,0]}}
,"/Users/adamjonas/Projects/makers/week-12/h-appy-client-clone/views/MainMenu.js": {"path":"/Users/adamjonas/Projects/makers/week-12/h-appy-client-clone/views/MainMenu.js","statementMap":{"0":{"start":{"line":21,"column":20},"end":{"line":21,"column":50}},"1":{"start":{"line":24,"column":2},"end":{"line":24,"column":94}},"2":{"start":{"line":28,"column":34},"end":{"line":28,"column":57}},"3":{"start":{"line":29,"column":20},"end":{"line":29,"column":34}},"4":{"start":{"line":31,"column":2},"end":{"line":37,"column":18}},"5":{"start":{"line":32,"column":23},"end":{"line":35,"column":5}},"6":{"start":{"line":33,"column":30},"end":{"line":33,"column":52}},"7":{"start":{"line":34,"column":6},"end":{"line":34,"column":35}},"8":{"start":{"line":36,"column":4},"end":{"line":36,"column":17}},"9":{"start":{"line":39,"column":21},"end":{"line":39,"column":36}},"10":{"start":{"line":41,"column":2},"end":{"line":41,"column":14}},"11":{"start":{"line":43,"column":2},"end":{"line":57,"column":4}},"12":{"start":{"line":61,"column":2},"end":{"line":72,"column":3}},"13":{"start":{"line":62,"column":4},"end":{"line":71,"column":6}},"14":{"start":{"line":74,"column":2},"end":{"line":86,"column":4}},"15":{"start":{"line":92,"column":6},"end":{"line":92,"column":11}},"16":{"start":{"line":93,"column":20},"end":{"line":93,"column":25}},"17":{"start":{"line":94,"column":21},"end":{"line":94,"column":36}},"18":{"start":{"line":95,"column":2},"end":{"line":95,"column":41}},"19":{"start":{"line":97,"column":2},"end":{"line":118,"column":4}},"20":{"start":{"line":107,"column":32},"end":{"line":107,"column":40}},"21":{"start":{"line":114,"column":32},"end":{"line":114,"column":40}},"22":{"start":{"line":122,"column":23},"end":{"line":122,"column":28}},"23":{"start":{"line":123,"column":18},"end":{"line":123,"column":36}},"24":{"start":{"line":126,"column":2},"end":{"line":131,"column":3}},"25":{"start":{"line":127,"column":4},"end":{"line":130,"column":5}},"26":{"start":{"line":129,"column":6},"end":{"line":129,"column":91}},"27":{"start":{"line":129,"column":51},"end":{"line":129,"column":89}},"28":{"start":{"line":133,"column":2},"end":{"line":156,"column":4}},"29":{"start":{"line":159,"column":15},"end":{"line":242,"column":2}}},"fnMap":{"0":{"name":"pressHandler","decl":{"start":{"line":23,"column":9},"end":{"line":23,"column":21}},"loc":{"start":{"line":23,"column":24},"end":{"line":25,"column":1}},"line":23},"1":{"name":"MainMenu","decl":{"start":{"line":27,"column":24},"end":{"line":27,"column":32}},"loc":{"start":{"line":27,"column":47},"end":{"line":58,"column":1}},"line":27},"2":{"name":"(anonymous_2)","decl":{"start":{"line":31,"column":12},"end":{"line":31,"column":13}},"loc":{"start":{"line":31,"column":18},"end":{"line":37,"column":3}},"line":31},"3":{"name":"(anonymous_3)","decl":{"start":{"line":32,"column":23},"end":{"line":32,"column":24}},"loc":{"start":{"line":32,"column":35},"end":{"line":35,"column":5}},"line":32},"4":{"name":"Item","decl":{"start":{"line":60,"column":9},"end":{"line":60,"column":13}},"loc":{"start":{"line":60,"column":20},"end":{"line":87,"column":1}},"line":60},"5":{"name":"MenuSection","decl":{"start":{"line":89,"column":9},"end":{"line":89,"column":20}},"loc":{"start":{"line":89,"column":28},"end":{"line":119,"column":1}},"line":89},"6":{"name":"(anonymous_6)","decl":{"start":{"line":107,"column":22},"end":{"line":107,"column":23}},"loc":{"start":{"line":107,"column":32},"end":{"line":107,"column":40}},"line":107},"7":{"name":"(anonymous_7)","decl":{"start":{"line":114,"column":22},"end":{"line":114,"column":23}},"loc":{"start":{"line":114,"column":32},"end":{"line":114,"column":40}},"line":114},"8":{"name":"Menu","decl":{"start":{"line":121,"column":9},"end":{"line":121,"column":13}},"loc":{"start":{"line":121,"column":21},"end":{"line":157,"column":1}},"line":121},"9":{"name":"(anonymous_9)","decl":{"start":{"line":129,"column":41},"end":{"line":129,"column":42}},"loc":{"start":{"line":129,"column":51},"end":{"line":129,"column":89}},"line":129}},"branchMap":{"0":{"loc":{"start":{"line":61,"column":2},"end":{"line":72,"column":3}},"type":"if","locations":[{"start":{"line":61,"column":2},"end":{"line":72,"column":3}},{"start":{"line":61,"column":2},"end":{"line":72,"column":3}}],"line":61},"1":{"loc":{"start":{"line":95,"column":12},"end":{"line":95,"column":40}},"type":"binary-expr","locations":[{"start":{"line":95,"column":12},"end":{"line":95,"column":19}},{"start":{"line":95,"column":23},"end":{"line":95,"column":40}}],"line":95},"2":{"loc":{"start":{"line":127,"column":4},"end":{"line":130,"column":5}},"type":"if","locations":[{"start":{"line":127,"column":4},"end":{"line":130,"column":5}},{"start":{"line":127,"column":4},"end":{"line":130,"column":5}}],"line":127},"3":{"loc":{"start":{"line":190,"column":16},"end":{"line":190,"column":64}},"type":"cond-expr","locations":[{"start":{"line":190,"column":44},"end":{"line":190,"column":52}},{"start":{"line":190,"column":55},"end":{"line":190,"column":64}}],"line":190},"4":{"loc":{"start":{"line":196,"column":16},"end":{"line":196,"column":62}},"type":"cond-expr","locations":[{"start":{"line":196,"column":44},"end":{"line":196,"column":52}},{"start":{"line":196,"column":55},"end":{"line":196,"column":62}}],"line":196},"5":{"loc":{"start":{"line":206,"column":16},"end":{"line":206,"column":62}},"type":"cond-expr","locations":[{"start":{"line":206,"column":44},"end":{"line":206,"column":52}},{"start":{"line":206,"column":55},"end":{"line":206,"column":62}}],"line":206},"6":{"loc":{"start":{"line":227,"column":16},"end":{"line":227,"column":68}},"type":"cond-expr","locations":[{"start":{"line":227,"column":44},"end":{"line":227,"column":52}},{"start":{"line":227,"column":55},"end":{"line":227,"column":68}}],"line":227}},"s":{"0":0,"1":0,"2":0,"3":0,"4":0,"5":0,"6":0,"7":0,"8":0,"9":0,"10":0,"11":0,"12":0,"13":0,"14":0,"15":0,"16":0,"17":0,"18":0,"19":0,"20":0,"21":0,"22":0,"23":0,"24":0,"25":0,"26":0,"27":0,"28":0,"29":0},"f":{"0":0,"1":0,"2":0,"3":0,"4":0,"5":0,"6":0,"7":0,"8":0,"9":0},"b":{"0":[0,0],"1":[0,0],"2":[0,0],"3":[0,0],"4":[0,0],"5":[0,0],"6":[0,0]}}
,"/Users/adamjonas/Projects/makers/week-12/h-appy-client-clone/views/Search.js": {"path":"/Users/adamjonas/Projects/makers/week-12/h-appy-client-clone/views/Search.js","statementMap":{"0":{"start":{"line":15,"column":34},"end":{"line":15,"column":49}},"1":{"start":{"line":16,"column":44},"end":{"line":16,"column":56}},"2":{"start":{"line":17,"column":28},"end":{"line":17,"column":39}},"3":{"start":{"line":19,"column":21},"end":{"line":19,"column":38}},"4":{"start":{"line":21,"column":2},"end":{"line":71,"column":4}},"5":{"start":{"line":34,"column":53},"end":{"line":34,"column":75}},"6":{"start":{"line":42,"column":14},"end":{"line":42,"column":67}},"7":{"start":{"line":75,"column":46},"end":{"line":75,"column":51}},"8":{"start":{"line":76,"column":2},"end":{"line":106,"column":4}},"9":{"start":{"line":85,"column":34},"end":{"line":85,"column":68}},"10":{"start":{"line":110,"column":30},"end":{"line":110,"column":35}},"11":{"start":{"line":111,"column":2},"end":{"line":139,"column":4}},"12":{"start":{"line":119,"column":34},"end":{"line":119,"column":60}},"13":{"start":{"line":143,"column":21},"end":{"line":143,"column":36}},"14":{"start":{"line":144,"column":23},"end":{"line":144,"column":28}},"15":{"start":{"line":146,"column":2},"end":{"line":156,"column":4}},"16":{"start":{"line":150,"column":10},"end":{"line":150,"column":65}},"17":{"start":{"line":159,"column":15},"end":{"line":283,"column":2}}},"fnMap":{"0":{"name":"Search","decl":{"start":{"line":14,"column":24},"end":{"line":14,"column":30}},"loc":{"start":{"line":14,"column":33},"end":{"line":72,"column":1}},"line":14},"1":{"name":"(anonymous_1)","decl":{"start":{"line":34,"column":27},"end":{"line":34,"column":28}},"loc":{"start":{"line":34,"column":53},"end":{"line":34,"column":75}},"line":34},"2":{"name":"(anonymous_2)","decl":{"start":{"line":41,"column":28},"end":{"line":41,"column":29}},"loc":{"start":{"line":42,"column":14},"end":{"line":42,"column":67}},"line":42},"3":{"name":"AccessibilitySlider","decl":{"start":{"line":74,"column":9},"end":{"line":74,"column":28}},"loc":{"start":{"line":74,"column":36},"end":{"line":107,"column":1}},"line":74},"4":{"name":"(anonymous_4)","decl":{"start":{"line":85,"column":23},"end":{"line":85,"column":24}},"loc":{"start":{"line":85,"column":34},"end":{"line":85,"column":68}},"line":85},"5":{"name":"PriceSlider","decl":{"start":{"line":109,"column":9},"end":{"line":109,"column":20}},"loc":{"start":{"line":109,"column":28},"end":{"line":140,"column":1}},"line":109},"6":{"name":"(anonymous_6)","decl":{"start":{"line":119,"column":23},"end":{"line":119,"column":24}},"loc":{"start":{"line":119,"column":34},"end":{"line":119,"column":60}},"line":119},"7":{"name":"SubmitButton","decl":{"start":{"line":142,"column":9},"end":{"line":142,"column":21}},"loc":{"start":{"line":142,"column":29},"end":{"line":157,"column":1}},"line":142},"8":{"name":"(anonymous_8)","decl":{"start":{"line":149,"column":17},"end":{"line":149,"column":18}},"loc":{"start":{"line":149,"column":23},"end":{"line":151,"column":9}},"line":149}},"branchMap":{"0":{"loc":{"start":{"line":126,"column":9},"end":{"line":126,"column":40}},"type":"binary-expr","locations":[{"start":{"line":126,"column":9},"end":{"line":126,"column":27}},{"start":{"line":126,"column":31},"end":{"line":126,"column":40}}],"line":126},"1":{"loc":{"start":{"line":242,"column":15},"end":{"line":242,"column":46}},"type":"cond-expr","locations":[{"start":{"line":242,"column":39},"end":{"line":242,"column":42}},{"start":{"line":242,"column":45},"end":{"line":242,"column":46}}],"line":242},"2":{"loc":{"start":{"line":248,"column":15},"end":{"line":248,"column":78}},"type":"cond-expr","locations":[{"start":{"line":248,"column":39},"end":{"line":248,"column":73}},{"start":{"line":248,"column":76},"end":{"line":248,"column":78}}],"line":248}},"s":{"0":0,"1":0,"2":0,"3":0,"4":0,"5":0,"6":0,"7":0,"8":0,"9":0,"10":0,"11":0,"12":0,"13":0,"14":0,"15":0,"16":0,"17":0},"f":{"0":0,"1":0,"2":0,"3":0,"4":0,"5":0,"6":0,"7":0,"8":0},"b":{"0":[0,0],"1":[0,0],"2":[0,0]}}
,"/Users/adamjonas/Projects/makers/week-12/h-appy-client-clone/views/SearchResults.js": {"path":"/Users/adamjonas/Projects/makers/week-12/h-appy-client-clone/views/SearchResults.js","statementMap":{"0":{"start":{"line":20,"column":20},"end":{"line":20,"column":50}},"1":{"start":{"line":23,"column":2},"end":{"line":33,"column":4}},"2":{"start":{"line":37,"column":32},"end":{"line":37,"column":44}},"3":{"start":{"line":39,"column":2},"end":{"line":46,"column":9}},"4":{"start":{"line":40,"column":4},"end":{"line":45,"column":46}},"5":{"start":{"line":43,"column":26},"end":{"line":43,"column":41}},"6":{"start":{"line":44,"column":22},"end":{"line":44,"column":38}},"7":{"start":{"line":45,"column":24},"end":{"line":45,"column":44}},"8":{"start":{"line":47,"column":2},"end":{"line":47,"column":17}},"9":{"start":{"line":51,"column":46},"end":{"line":51,"column":51}},"10":{"start":{"line":52,"column":2},"end":{"line":71,"column":4}},"11":{"start":{"line":61,"column":34},"end":{"line":61,"column":68}},"12":{"start":{"line":75,"column":30},"end":{"line":75,"column":35}},"13":{"start":{"line":76,"column":2},"end":{"line":95,"column":4}},"14":{"start":{"line":85,"column":34},"end":{"line":85,"column":60}},"15":{"start":{"line":99,"column":21},"end":{"line":99,"column":36}},"16":{"start":{"line":100,"column":23},"end":{"line":100,"column":28}},"17":{"start":{"line":102,"column":2},"end":{"line":113,"column":4}},"18":{"start":{"line":106,"column":10},"end":{"line":106,"column":40}},"19":{"start":{"line":107,"column":10},"end":{"line":107,"column":65}},"20":{"start":{"line":117,"column":32},"end":{"line":117,"column":71}},"21":{"start":{"line":118,"column":24},"end":{"line":118,"column":55}},"22":{"start":{"line":119,"column":27},"end":{"line":119,"column":61}},"23":{"start":{"line":121,"column":34},"end":{"line":121,"column":60}},"24":{"start":{"line":122,"column":44},"end":{"line":122,"column":75}},"25":{"start":{"line":123,"column":28},"end":{"line":123,"column":51}},"26":{"start":{"line":125,"column":21},"end":{"line":125,"column":38}},"27":{"start":{"line":127,"column":18},"end":{"line":131,"column":4}},"28":{"start":{"line":133,"column":2},"end":{"line":180,"column":4}},"29":{"start":{"line":149,"column":53},"end":{"line":149,"column":75}},"30":{"start":{"line":157,"column":14},"end":{"line":157,"column":67}},"31":{"start":{"line":174,"column":36},"end":{"line":174,"column":44}},"32":{"start":{"line":183,"column":15},"end":{"line":303,"column":2}}},"fnMap":{"0":{"name":"buildItem","decl":{"start":{"line":22,"column":9},"end":{"line":22,"column":18}},"loc":{"start":{"line":22,"column":25},"end":{"line":34,"column":1}},"line":22},"1":{"name":"SearchActivities","decl":{"start":{"line":36,"column":9},"end":{"line":36,"column":25}},"loc":{"start":{"line":36,"column":33},"end":{"line":48,"column":1}},"line":36},"2":{"name":"(anonymous_2)","decl":{"start":{"line":39,"column":12},"end":{"line":39,"column":13}},"loc":{"start":{"line":39,"column":18},"end":{"line":46,"column":3}},"line":39},"3":{"name":"(anonymous_3)","decl":{"start":{"line":43,"column":12},"end":{"line":43,"column":13}},"loc":{"start":{"line":43,"column":26},"end":{"line":43,"column":41}},"line":43},"4":{"name":"(anonymous_4)","decl":{"start":{"line":44,"column":12},"end":{"line":44,"column":13}},"loc":{"start":{"line":44,"column":22},"end":{"line":44,"column":38}},"line":44},"5":{"name":"(anonymous_5)","decl":{"start":{"line":45,"column":13},"end":{"line":45,"column":14}},"loc":{"start":{"line":45,"column":24},"end":{"line":45,"column":44}},"line":45},"6":{"name":"AccessibilitySlider","decl":{"start":{"line":50,"column":9},"end":{"line":50,"column":28}},"loc":{"start":{"line":50,"column":36},"end":{"line":72,"column":1}},"line":50},"7":{"name":"(anonymous_7)","decl":{"start":{"line":61,"column":23},"end":{"line":61,"column":24}},"loc":{"start":{"line":61,"column":34},"end":{"line":61,"column":68}},"line":61},"8":{"name":"PriceSlider","decl":{"start":{"line":74,"column":9},"end":{"line":74,"column":20}},"loc":{"start":{"line":74,"column":28},"end":{"line":96,"column":1}},"line":74},"9":{"name":"(anonymous_9)","decl":{"start":{"line":85,"column":23},"end":{"line":85,"column":24}},"loc":{"start":{"line":85,"column":34},"end":{"line":85,"column":60}},"line":85},"10":{"name":"SubmitButton","decl":{"start":{"line":98,"column":9},"end":{"line":98,"column":21}},"loc":{"start":{"line":98,"column":29},"end":{"line":114,"column":1}},"line":98},"11":{"name":"(anonymous_11)","decl":{"start":{"line":105,"column":17},"end":{"line":105,"column":18}},"loc":{"start":{"line":105,"column":23},"end":{"line":108,"column":9}},"line":105},"12":{"name":"SeachResults","decl":{"start":{"line":116,"column":24},"end":{"line":116,"column":36}},"loc":{"start":{"line":116,"column":48},"end":{"line":181,"column":1}},"line":116},"13":{"name":"(anonymous_13)","decl":{"start":{"line":149,"column":27},"end":{"line":149,"column":28}},"loc":{"start":{"line":149,"column":53},"end":{"line":149,"column":75}},"line":149},"14":{"name":"(anonymous_14)","decl":{"start":{"line":156,"column":28},"end":{"line":156,"column":29}},"loc":{"start":{"line":157,"column":14},"end":{"line":157,"column":67}},"line":157},"15":{"name":"(anonymous_15)","decl":{"start":{"line":174,"column":26},"end":{"line":174,"column":27}},"loc":{"start":{"line":174,"column":36},"end":{"line":174,"column":44}},"line":174}},"branchMap":{"0":{"loc":{"start":{"line":92,"column":9},"end":{"line":92,"column":40}},"type":"binary-expr","locations":[{"start":{"line":92,"column":9},"end":{"line":92,"column":27}},{"start":{"line":92,"column":31},"end":{"line":92,"column":40}}],"line":92},"1":{"loc":{"start":{"line":205,"column":10},"end":{"line":205,"column":43}},"type":"cond-expr","locations":[{"start":{"line":205,"column":34},"end":{"line":205,"column":37}},{"start":{"line":205,"column":40},"end":{"line":205,"column":43}}],"line":205},"2":{"loc":{"start":{"line":211,"column":18},"end":{"line":211,"column":48}},"type":"cond-expr","locations":[{"start":{"line":211,"column":42},"end":{"line":211,"column":44}},{"start":{"line":211,"column":47},"end":{"line":211,"column":48}}],"line":211},"3":{"loc":{"start":{"line":212,"column":15},"end":{"line":212,"column":46}},"type":"cond-expr","locations":[{"start":{"line":212,"column":39},"end":{"line":212,"column":41}},{"start":{"line":212,"column":44},"end":{"line":212,"column":46}}],"line":212},"4":{"loc":{"start":{"line":218,"column":16},"end":{"line":218,"column":60}},"type":"cond-expr","locations":[{"start":{"line":218,"column":40},"end":{"line":218,"column":49}},{"start":{"line":218,"column":52},"end":{"line":218,"column":60}}],"line":218},"5":{"loc":{"start":{"line":222,"column":15},"end":{"line":222,"column":46}},"type":"cond-expr","locations":[{"start":{"line":222,"column":39},"end":{"line":222,"column":42}},{"start":{"line":222,"column":45},"end":{"line":222,"column":46}}],"line":222},"6":{"loc":{"start":{"line":224,"column":16},"end":{"line":224,"column":46}},"type":"cond-expr","locations":[{"start":{"line":224,"column":40},"end":{"line":224,"column":42}},{"start":{"line":224,"column":45},"end":{"line":224,"column":46}}],"line":224},"7":{"loc":{"start":{"line":230,"column":15},"end":{"line":230,"column":78}},"type":"cond-expr","locations":[{"start":{"line":230,"column":39},"end":{"line":230,"column":73}},{"start":{"line":230,"column":76},"end":{"line":230,"column":78}}],"line":230},"8":{"loc":{"start":{"line":243,"column":16},"end":{"line":243,"column":60}},"type":"cond-expr","locations":[{"start":{"line":243,"column":40},"end":{"line":243,"column":49}},{"start":{"line":243,"column":52},"end":{"line":243,"column":60}}],"line":243},"9":{"loc":{"start":{"line":272,"column":16},"end":{"line":272,"column":64}},"type":"cond-expr","locations":[{"start":{"line":272,"column":40},"end":{"line":272,"column":53}},{"start":{"line":272,"column":56},"end":{"line":272,"column":64}}],"line":272}},"s":{"0":0,"1":0,"2":0,"3":0,"4":0,"5":0,"6":0,"7":0,"8":0,"9":0,"10":0,"11":0,"12":0,"13":0,"14":0,"15":0,"16":0,"17":0,"18":0,"19":0,"20":0,"21":0,"22":0,"23":0,"24":0,"25":0,"26":0,"27":0,"28":0,"29":0,"30":0,"31":0,"32":0},"f":{"0":0,"1":0,"2":0,"3":0,"4":0,"5":0,"6":0,"7":0,"8":0,"9":0,"10":0,"11":0,"12":0,"13":0,"14":0,"15":0},"b":{"0":[0,0],"1":[0,0],"2":[0,0],"3":[0,0],"4":[0,0],"5":[0,0],"6":[0,0],"7":[0,0],"8":[0,0],"9":[0,0]}}
}
