TN:
SF:App.js
FN:9,App
FNF:1
FNH:0
FNDA:0,App
DA:10,0
DA:21,0
LF:2
LH:0
BRDA:25,0,0,0
BRDA:25,0,1,0
BRF:2
BRH:0
end_of_record
TN:
SF:stockData.js
FNF:0
FNH:0
DA:1,0
DA:47,0
LF:2
LH:0
BRF:0
BRH:0
end_of_record
TN:
SF:components/AboutButton.js
FN:7,AboutButton
FN:12,(anonymous_1)
FNF:2
FNH:0
FNDA:0,AboutButton
FNDA:0,(anonymous_1)
DA:8,0
DA:10,0
DA:12,0
DA:21,0
LF:4
LH:0
BRDA:33,0,0,0
BRDA:33,0,1,0
BRF:2
BRH:0
end_of_record
TN:
SF:components/AccessibilityHelpButton.js
FN:7,(anonymous_0)
FN:10,(anonymous_1)
FNF:2
FNH:0
FNDA:0,(anonymous_0)
FNDA:0,(anonymous_1)
DA:7,1
DA:8,0
DA:10,0
LF:3
LH:1
BRF:0
BRH:0
end_of_record
TN:
SF:components/Anchor.js
FN:5,(anonymous_0)
FN:10,Anchor
FN:12,(anonymous_2)
FNF:3
FNH:0
FNDA:0,(anonymous_0)
FNDA:0,Anchor
FNDA:0,(anonymous_2)
DA:5,0
DA:6,0
DA:7,0
DA:11,0
DA:12,0
LF:5
LH:0
BRDA:7,0,0,0
BRDA:7,0,1,0
BRF:2
BRH:0
end_of_record
TN:
SF:components/CostHelpButton.js
FN:7,(anonymous_0)
FN:10,(anonymous_1)
FNF:2
FNH:0
FNDA:0,(anonymous_0)
FNDA:0,(anonymous_1)
DA:7,1
DA:8,0
DA:10,0
LF:3
LH:1
BRF:0
BRH:0
end_of_record
TN:
SF:components/CourseHeader.js
FN:6,CourseHeader
FNF:1
FNH:0
FNDA:0,CourseHeader
DA:7,0
DA:8,0
DA:15,0
LF:3
LH:0
BRDA:18,0,0,0
BRDA:18,0,1,0
BRF:2
BRH:0
end_of_record
TN:
SF:components/Grid.js
FN:11,Grid
FN:30,(anonymous_1)
FN:35,(anonymous_2)
FN:41,containerStyle
FN:56,itemStyle
FNF:5
FNH:0
FNDA:0,Grid
FNDA:0,(anonymous_1)
FNDA:0,(anonymous_2)
FNDA:0,containerStyle
FNDA:0,itemStyle
DA:6,0
DA:7,0
DA:8,0
DA:9,0
DA:12,0
DA:14,0
DA:15,0
DA:16,0
DA:27,0
DA:31,0
DA:35,0
DA:42,0
DA:47,0
DA:48,0
DA:53,0
DA:57,0
DA:58,0
DA:67,0
DA:72,0
LF:19
LH:0
BRDA:14,0,0,0
BRDA:14,0,1,0
BRDA:23,1,0,0
BRDA:23,1,1,0
BRDA:47,2,0,0
BRDA:47,2,1,0
BRDA:57,3,0,0
BRDA:57,3,1,0
BRDA:91,4,0,0
BRDA:91,4,1,0
BRF:10
BRH:0
end_of_record
TN:
SF:components/Header.js
FN:6,Header
FNF:1
FNH:1
FNDA:1,Header
DA:7,1
DA:14,1
LF:2
LH:2
BRDA:34,0,0,0
BRDA:34,0,1,1
BRF:2
BRH:1
end_of_record
TN:
SF:components/IndividualActivityButton.js
FN:8,(anonymous_0)
FN:13,(anonymous_1)
FNF:2
FNH:0
FNDA:0,(anonymous_0)
FNDA:0,(anonymous_1)
DA:8,0
DA:9,0
DA:10,0
DA:13,0
LF:4
LH:0
BRF:0
BRH:0
end_of_record
TN:
SF:components/MenuButton.js
FN:7,MenuButton
FN:15,(anonymous_1)
FNF:2
FNH:0
FNDA:0,MenuButton
FNDA:0,(anonymous_1)
DA:8,0
DA:10,0
DA:15,0
DA:24,0
LF:4
LH:0
BRDA:36,0,0,0
BRDA:36,0,1,0
BRF:2
BRH:0
end_of_record
TN:
SF:components/MenuTitle.js
FN:8,MenuTitle
FNF:1
FNH:0
FNDA:0,MenuTitle
DA:6,0
DA:9,0
DA:10,0
DA:11,0
DA:22,0
DA:33,0
LF:6
LH:0
BRDA:9,0,0,0
BRDA:9,0,1,0
BRDA:53,1,0,0
BRDA:53,1,1,0
BRF:4
BRH:0
end_of_record
TN:
SF:routes/AppNavigator.js
FN:15,(anonymous_0)
FN:17,(anonymous_1)
FN:24,(anonymous_2)
FNF:3
FNH:0
FNDA:0,(anonymous_0)
FNDA:0,(anonymous_1)
FNDA:0,(anonymous_2)
DA:13,0
DA:15,0
DA:16,0
DA:17,0
DA:24,0
DA:25,0
LF:6
LH:0
BRF:0
BRH:0
end_of_record
TN:
SF:routes/DrawerNavigator.js
FN:19,Nibbles
FN:29,Starters
FN:39,Mains
FN:49,Desserts
FN:59,(anonymous_4)
FN:66,(anonymous_5)
FN:69,(anonymous_6)
FN:74,SignOutButton
FN:83,(anonymous_8)
FN:90,(anonymous_9)
FNF:10
FNH:0
FNDA:0,Nibbles
FNDA:0,Starters
FNDA:0,Mains
FNDA:0,Desserts
FNDA:0,(anonymous_4)
FNDA:0,(anonymous_5)
FNDA:0,(anonymous_6)
FNDA:0,SignOutButton
FNDA:0,(anonymous_8)
FNDA:0,(anonymous_9)
DA:17,0
DA:20,0
DA:30,0
DA:40,0
DA:50,0
DA:59,0
DA:60,0
DA:66,0
DA:69,0
DA:75,0
DA:76,0
DA:77,0
DA:83,0
DA:90,0
DA:91,0
DA:108,0
DA:121,0
LF:17
LH:0
BRDA:127,0,0,0
BRDA:127,0,1,0
BRF:2
BRH:0
end_of_record
TN:
SF:src/AuthContext.js
FNF:0
FNH:0
DA:3,0
LF:1
LH:0
BRF:0
BRH:0
end_of_record
TN:
SF:src/CourseDescriptions.js
FNF:0
FNH:0
DA:3,0
DA:10,0
DA:17,0
DA:24,0
LF:4
LH:0
BRF:0
BRH:0
end_of_record
TN:
SF:src/FetchActivities.js
FN:4,FetchActivities
FN:7,(anonymous_1)
FN:9,(anonymous_2)
FN:10,(anonymous_3)
FN:11,(anonymous_4)
FN:17,FetchCategories
FN:20,(anonymous_6)
FN:22,(anonymous_7)
FN:23,(anonymous_8)
FN:24,(anonymous_9)
FNF:10
FNH:0
FNDA:0,FetchActivities
FNDA:0,(anonymous_1)
FNDA:0,(anonymous_2)
FNDA:0,(anonymous_3)
FNDA:0,(anonymous_4)
FNDA:0,FetchCategories
FNDA:0,(anonymous_6)
FNDA:0,(anonymous_7)
FNDA:0,(anonymous_8)
FNDA:0,(anonymous_9)
DA:5,0
DA:7,0
DA:8,0
DA:9,0
DA:10,0
DA:11,0
DA:14,0
DA:18,0
DA:20,0
DA:21,0
DA:22,0
DA:23,0
DA:24,0
DA:27,0
LF:14
LH:0
BRF:0
BRH:0
end_of_record
TN:
SF:src/UserData.js
FN:78,(anonymous_0)
FN:87,(anonymous_1)
FN:98,(anonymous_2)
FN:114,(anonymous_3)
FN:118,(anonymous_4)
FN:126,(anonymous_5)
FN:128,(anonymous_6)
FN:139,(anonymous_7)
FN:153,doesActivityNameExist
FN:154,(anonymous_9)
FNF:10
FNH:0
FNDA:0,(anonymous_0)
FNDA:0,(anonymous_1)
FNDA:0,(anonymous_2)
FNDA:0,(anonymous_3)
FNDA:0,(anonymous_4)
FNDA:0,(anonymous_5)
FNDA:0,(anonymous_6)
FNDA:0,(anonymous_7)
FNDA:0,doesActivityNameExist
FNDA:0,(anonymous_9)
DA:5,1
DA:9,1
DA:11,1
DA:78,1
DA:79,0
DA:80,0
DA:81,0
DA:83,0
DA:87,1
DA:88,0
DA:89,0
DA:90,0
DA:91,0
DA:92,0
DA:94,0
DA:98,1
DA:99,0
DA:100,0
DA:101,0
DA:102,0
DA:103,0
DA:104,0
DA:105,0
DA:106,0
DA:108,0
DA:109,0
DA:110,0
DA:114,1
DA:117,0
DA:118,0
DA:119,0
DA:120,0
DA:121,0
DA:126,1
DA:127,0
DA:128,0
DA:129,0
DA:130,0
DA:131,0
DA:132,0
DA:135,0
DA:139,1
DA:140,0
DA:141,0
DA:142,0
DA:143,0
DA:144,0
DA:150,0
DA:154,0
DA:155,0
LF:50
LH:9
BRDA:81,0,0,0
BRDA:81,0,1,0
BRDA:119,1,0,0
BRDA:119,1,1,0
BRDA:126,2,0,0
BRDA:131,3,0,0
BRDA:131,3,1,0
BRF:7
BRH:0
end_of_record
TN:
SF:views/About.js
FN:18,About
FNF:1
FNH:0
FNDA:0,About
DA:16,0
DA:19,0
DA:20,0
DA:65,0
LF:4
LH:0
BRF:0
BRH:0
end_of_record
TN:
SF:views/AddActivity.js
FN:17,AddActivity
FN:39,(anonymous_1)
FN:48,(anonymous_2)
FN:73,(anonymous_3)
FN:80,(anonymous_4)
FN:91,(anonymous_5)
FN:108,AccessibilitySlider
FN:119,(anonymous_7)
FN:143,PriceSlider
FN:153,(anonymous_9)
FN:176,SubmitButton
FN:189,(anonymous_11)
FNF:12
FNH:5
FNDA:1,AddActivity
FNDA:0,(anonymous_1)
FNDA:0,(anonymous_2)
FNDA:0,(anonymous_3)
FNDA:2,(anonymous_4)
FNDA:0,(anonymous_5)
FNDA:1,AccessibilitySlider
FNDA:0,(anonymous_7)
FNDA:1,PriceSlider
FNDA:0,(anonymous_9)
FNDA:1,SubmitButton
FNDA:0,(anonymous_11)
DA:15,1
DA:18,1
DA:19,1
DA:20,1
DA:21,1
DA:22,1
DA:23,1
DA:24,1
DA:26,1
DA:39,0
DA:48,0
DA:73,0
DA:80,2
DA:91,0
DA:109,1
DA:110,1
DA:119,0
DA:144,1
DA:145,1
DA:153,0
DA:177,1
DA:185,1
DA:186,1
DA:190,0
DA:191,0
DA:192,0
DA:193,0
DA:194,0
DA:195,0
DA:197,0
DA:206,0
DA:216,1
LF:32
LH:18
BRDA:160,0,0,1
BRDA:160,0,1,1
BRDA:190,1,0,0
BRDA:190,1,1,0
BRDA:192,2,0,0
BRDA:192,2,1,0
BRDA:194,3,0,0
BRDA:194,3,1,0
BRDA:246,4,0,0
BRDA:246,4,1,1
BRDA:267,5,0,0
BRDA:267,5,1,1
BRDA:291,6,0,0
BRDA:291,6,1,1
BRDA:295,7,0,1
BRDA:295,7,1,0
BRDA:302,8,0,1
BRDA:302,8,1,0
BRDA:321,9,0,0
BRDA:321,9,1,1
BRF:20
BRH:8
end_of_record
TN:
SF:views/EditActivity.js
FN:16,EditActivity
FN:43,(anonymous_1)
FN:52,(anonymous_2)
FN:77,(anonymous_3)
FN:84,(anonymous_4)
FN:96,(anonymous_5)
FN:116,AccessibilitySlider
FN:127,(anonymous_7)
FN:140,PriceSlider
FN:151,(anonymous_9)
FN:164,SubmitButton
FN:181,(anonymous_11)
FN:205,(anonymous_12)
FNF:13
FNH:0
FNDA:0,EditActivity
FNDA:0,(anonymous_1)
FNDA:0,(anonymous_2)
FNDA:0,(anonymous_3)
FNDA:0,(anonymous_4)
FNDA:0,(anonymous_5)
FNDA:0,AccessibilitySlider
FNDA:0,(anonymous_7)
FNDA:0,PriceSlider
FNDA:0,(anonymous_9)
FNDA:0,SubmitButton
FNDA:0,(anonymous_11)
FNDA:0,(anonymous_12)
DA:14,0
DA:17,0
DA:18,0
DA:19,0
DA:20,0
DA:21,0
DA:22,0
DA:23,0
DA:24,0
DA:25,0
DA:26,0
DA:27,0
DA:29,0
DA:31,0
DA:43,0
DA:52,0
DA:77,0
DA:84,0
DA:96,0
DA:117,0
DA:118,0
DA:127,0
DA:141,0
DA:142,0
DA:151,0
DA:165,0
DA:175,0
DA:177,0
DA:178,0
DA:182,0
DA:183,0
DA:184,0
DA:185,0
DA:187,0
DA:205,0
DA:206,0
DA:207,0
DA:210,0
LF:38
LH:0
BRDA:27,0,0,0
BRDA:27,0,1,0
BRDA:158,1,0,0
BRDA:158,1,1,0
BRDA:177,2,0,0
BRDA:177,2,1,0
BRDA:182,3,0,0
BRDA:182,3,1,0
BRDA:184,4,0,0
BRDA:184,4,1,0
BRDA:240,5,0,0
BRDA:240,5,1,0
BRDA:261,6,0,0
BRDA:261,6,1,0
BRDA:285,7,0,0
BRDA:285,7,1,0
BRDA:289,8,0,0
BRDA:289,8,1,0
BRDA:296,9,0,0
BRDA:296,9,1,0
BRDA:315,10,0,0
BRDA:315,10,1,0
BRF:22
BRH:0
end_of_record
TN:
SF:views/IndividualActivity.js
FN:13,IndividualActivity
FN:57,EditUserActivity
FN:67,(anonymous_2)
FN:74,AddOrDeleteActivity
FN:82,(anonymous_4)
FN:94,(anonymous_5)
FNF:6
FNH:0
FNDA:0,IndividualActivity
FNDA:0,EditUserActivity
FNDA:0,(anonymous_2)
FNDA:0,AddOrDeleteActivity
FNDA:0,(anonymous_4)
FNDA:0,(anonymous_5)
DA:11,0
DA:14,0
DA:15,0
DA:17,0
DA:19,0
DA:20,0
DA:22,0
DA:23,0
DA:26,0
DA:58,0
DA:59,0
DA:61,0
DA:62,0
DA:67,0
DA:75,0
DA:76,0
DA:77,0
DA:82,0
DA:89,0
DA:94,0
DA:102,0
LF:21
LH:0
BRDA:19,0,0,0
BRDA:19,0,1,0
BRDA:22,1,0,0
BRDA:22,1,1,0
BRDA:59,2,0,0
BRDA:59,2,1,0
BRDA:76,3,0,0
BRDA:76,3,1,0
BRDA:119,4,0,0
BRDA:119,4,1,0
BRDA:147,5,0,0
BRDA:147,5,1,0
BRDA:183,6,0,0
BRDA:183,6,1,0
BRF:14
BRH:0
end_of_record
TN:
SF:views/IndividualCourse.js
FN:11,buildItem
FN:26,IndividualCourse
FN:48,(anonymous_2)
FNF:3
FNH:0
FNDA:0,buildItem
FNDA:0,IndividualCourse
FNDA:0,(anonymous_2)
DA:12,0
DA:24,0
DA:27,0
DA:28,0
DA:30,0
DA:48,0
DA:57,0
LF:7
LH:0
BRDA:73,0,0,0
BRDA:73,0,1,0
BRDA:121,1,0,0
BRDA:121,1,1,0
BRF:4
BRH:0
end_of_record
TN:
SF:views/MainMenu.js
FN:22,pressHandler
FN:26,MainMenu
FN:30,(anonymous_2)
FN:31,(anonymous_3)
FN:40,(anonymous_4)
FN:61,Item
FN:90,MenuSection
FN:108,(anonymous_7)
FN:115,(anonymous_8)
FN:122,Menu
FN:130,(anonymous_10)
FNF:11
FNH:0
FNDA:0,pressHandler
FNDA:0,MainMenu
FNDA:0,(anonymous_2)
FNDA:0,(anonymous_3)
FNDA:0,(anonymous_4)
FNDA:0,Item
FNDA:0,MenuSection
FNDA:0,(anonymous_7)
FNDA:0,(anonymous_8)
FNDA:0,Menu
FNDA:0,(anonymous_10)
DA:20,0
DA:23,0
DA:27,0
DA:28,0
DA:30,0
DA:31,0
DA:32,0
DA:33,0
DA:35,0
DA:38,0
DA:40,0
DA:41,0
DA:44,0
DA:62,0
DA:63,0
DA:75,0
DA:93,0
DA:94,0
DA:95,0
DA:96,0
DA:98,0
DA:108,0
DA:115,0
DA:123,0
DA:124,0
DA:127,0
DA:128,0
DA:130,0
DA:134,0
DA:160,0
LF:30
LH:0
BRDA:62,0,0,0
BRDA:62,0,1,0
BRDA:96,1,0,0
BRDA:96,1,1,0
BRDA:128,2,0,0
BRDA:128,2,1,0
BRDA:191,3,0,0
BRDA:191,3,1,0
BRDA:197,4,0,0
BRDA:197,4,1,0
BRDA:207,5,0,0
BRDA:207,5,1,0
BRDA:228,6,0,0
BRDA:228,6,1,0
BRF:14
BRH:0
end_of_record
TN:
SF:views/Search.js
FN:14,Search
FN:34,(anonymous_1)
FN:41,(anonymous_2)
FN:74,AccessibilitySlider
FN:85,(anonymous_4)
FN:109,PriceSlider
FN:119,(anonymous_6)
FN:142,SubmitButton
FN:149,(anonymous_8)
FNF:9
FNH:0
FNDA:0,Search
FNDA:0,(anonymous_1)
FNDA:0,(anonymous_2)
FNDA:0,AccessibilitySlider
FNDA:0,(anonymous_4)
FNDA:0,PriceSlider
FNDA:0,(anonymous_6)
FNDA:0,SubmitButton
FNDA:0,(anonymous_8)
DA:15,0
DA:16,0
DA:17,0
DA:19,0
DA:21,0
DA:34,0
DA:42,0
DA:75,0
DA:76,0
DA:85,0
DA:110,0
DA:111,0
DA:119,0
DA:143,0
DA:144,0
DA:146,0
DA:150,0
DA:159,0
LF:18
LH:0
BRDA:126,0,0,0
BRDA:126,0,1,0
BRDA:242,1,0,0
BRDA:242,1,1,0
BRDA:248,2,0,0
BRDA:248,2,1,0
BRF:6
BRH:0
end_of_record
TN:
SF:views/SearchResults.js
FN:22,buildItem
FN:36,SearchActivities
FN:39,(anonymous_2)
FN:43,(anonymous_3)
FN:44,(anonymous_4)
FN:45,(anonymous_5)
FN:50,AccessibilitySlider
FN:61,(anonymous_7)
FN:74,PriceSlider
FN:85,(anonymous_9)
FN:98,SubmitButton
FN:105,(anonymous_11)
FN:116,SeachResults
FN:149,(anonymous_13)
FN:156,(anonymous_14)
FN:174,(anonymous_15)
FNF:16
FNH:0
FNDA:0,buildItem
FNDA:0,SearchActivities
FNDA:0,(anonymous_2)
FNDA:0,(anonymous_3)
FNDA:0,(anonymous_4)
FNDA:0,(anonymous_5)
FNDA:0,AccessibilitySlider
FNDA:0,(anonymous_7)
FNDA:0,PriceSlider
FNDA:0,(anonymous_9)
FNDA:0,SubmitButton
FNDA:0,(anonymous_11)
FNDA:0,SeachResults
FNDA:0,(anonymous_13)
FNDA:0,(anonymous_14)
FNDA:0,(anonymous_15)
DA:20,0
DA:23,0
DA:37,0
DA:39,0
DA:40,0
DA:43,0
DA:44,0
DA:45,0
DA:47,0
DA:51,0
DA:52,0
DA:61,0
DA:75,0
DA:76,0
DA:85,0
DA:99,0
DA:100,0
DA:102,0
DA:106,0
DA:107,0
DA:117,0
DA:118,0
DA:119,0
DA:121,0
DA:122,0
DA:123,0
DA:125,0
DA:127,0
DA:133,0
DA:149,0
DA:157,0
DA:174,0
DA:183,0
LF:33
LH:0
BRDA:92,0,0,0
BRDA:92,0,1,0
BRDA:205,1,0,0
BRDA:205,1,1,0
BRDA:211,2,0,0
BRDA:211,2,1,0
BRDA:212,3,0,0
BRDA:212,3,1,0
BRDA:218,4,0,0
BRDA:218,4,1,0
BRDA:222,5,0,0
BRDA:222,5,1,0
BRDA:224,6,0,0
BRDA:224,6,1,0
BRDA:230,7,0,0
BRDA:230,7,1,0
BRDA:243,8,0,0
BRDA:243,8,1,0
BRDA:272,9,0,0
BRDA:272,9,1,0
BRF:20
BRH:0
end_of_record
